{"meta": {"format": 3, "version": "7.13.5", "timestamp": "2026-05-18T07:30:18.136549", "branch_coverage": false, "show_contexts": false}, "files": {"app/__init__.py": {"executed_lines": [], "summary": {"covered_lines": 0, "num_statements": 0, "percent_covered": 100.0, "percent_covered_display": "100", "missing_lines": 0, "excluded_lines": 0, "percent_statements_covered": 100.0, "percent_statements_covered_display": "100"}, "missing_lines": [], "excluded_lines": [], "functions": {"": {"executed_lines": [], "summary": {"covered_lines": 0, "num_statements": 0, "percent_covered": 100.0, "percent_covered_display": "100", "missing_lines": 0, "excluded_lines": 0, "percent_statements_covered": 100.0, "percent_statements_covered_display": "100"}, "missing_lines": [], "excluded_lines": [], "start_line": 1}}, "classes": {"": {"executed_lines": [], "summary": {"covered_lines": 0, "num_statements": 0, "percent_covered": 100.0, "percent_covered_display": "100", "missing_lines": 0, "excluded_lines": 0, "percent_statements_covered": 100.0, "percent_statements_covered_display": "100"}, "missing_lines": [], "excluded_lines": [], "start_line": 1}}}, "app/agents/__init__.py": {"executed_lines": [], "summary": {"covered_lines": 0, "num_statements": 0, "percent_covered": 100.0, "percent_covered_display": "100", "missing_lines": 0, "excluded_lines": 0, "percent_statements_covered": 100.0, "percent_statements_covered_display": "100"}, "missing_lines": [], "excluded_lines": [], "functions": {"": {"executed_lines": [], "summary": {"covered_lines": 0, "num_statements": 0, "percent_covered": 100.0, "percent_covered_display": "100", "missing_lines": 0, "excluded_lines": 0, "percent_statements_covered": 100.0, "percent_statements_covered_display": "100"}, "missing_lines": [], "excluded_lines": [], "start_line": 1}}, "classes": {"": {"executed_lines": [], "summary": {"covered_lines": 0, "num_statements": 0, "percent_covered": 100.0, "percent_covered_display": "100", "missing_lines": 0, "excluded_lines": 0, "percent_statements_covered": 100.0, "percent_statements_covered_display": "100"}, "missing_lines": [], "excluded_lines": [], "start_line": 1}}}, "app/agents/archival_memory.py": {"executed_lines": [3, 5, 7, 10, 16, 25, 29, 32, 54, 64, 65, 67, 68, 69, 70, 72, 73, 77, 86, 93, 94, 96, 99, 109, 110, 112, 113, 114, 115, 117, 126, 133, 134, 136], "summary": {"covered_lines": 34, "num_statements": 43, "percent_covered": 79.06976744186046, "percent_covered_display": "79", "missing_lines": 9, "excluded_lines": 0, "percent_statements_covered": 79.06976744186046, "percent_statements_covered_display": "79"}, "missing_lines": [27, 39, 40, 41, 43, 44, 45, 51, 74], "excluded_lines": [], "functions": {"_passage_tags_exist": {"executed_lines": [16, 25, 29], "summary": {"covered_lines": 3, "num_statements": 4, "percent_covered": 75.0, "percent_covered_display": "75", "missing_lines": 1, "excluded_lines": 0, "percent_statements_covered": 75.0, "percent_statements_covered_display": "75"}, "missing_lines": [27], "excluded_lines": [], "start_line": 10}, "ensure_archival_memory_search": {"executed_lines": [], "summary": {"covered_lines": 0, "num_statements": 7, "percent_covered": 0.0, "percent_covered_display": "0", "missing_lines": 7, "excluded_lines": 0, "percent_statements_covered": 0.0, "percent_statements_covered_display": "0"}, "missing_lines": [39, 40, 41, 43, 44, 45, 51], "excluded_lines": [], "start_line": 32}, "insert_skills_into_archival_memory": {"executed_lines": [64, 65, 67, 68, 69, 70, 72, 73, 77, 86, 93, 94, 96], "summary": {"covered_lines": 13, "num_statements": 14, "percent_covered": 92.85714285714286, "percent_covered_display": "93", "missing_lines": 1, "excluded_lines": 0, "percent_statements_covered": 92.85714285714286, "percent_statements_covered_display": "93"}, "missing_lines": [74], "excluded_lines": [], "start_line": 54}, "insert_lessons_into_archival_memory": {"executed_lines": [109, 110, 112, 113, 114, 115, 117, 126, 133, 134, 136], "summary": {"covered_lines": 11, "num_statements": 11, "percent_covered": 100.0, "percent_covered_display": "100", "missing_lines": 0, "excluded_lines": 0, "percent_statements_covered": 100.0, "percent_statements_covered_display": "100"}, "missing_lines": [], "excluded_lines": [], "start_line": 99}, "": {"executed_lines": [3, 5, 7, 10, 32, 54, 99], "summary": {"covered_lines": 7, "num_statements": 7, "percent_covered": 100.0, "percent_covered_display": "100", "missing_lines": 0, "excluded_lines": 0, "percent_statements_covered": 100.0, "percent_statements_covered_display": "100"}, "missing_lines": [], "excluded_lines": [], "start_line": 1}}, "classes": {"": {"executed_lines": [3, 5, 7, 10, 16, 25, 29, 32, 54, 64, 65, 67, 68, 69, 70, 72, 73, 77, 86, 93, 94, 96, 99, 109, 110, 112, 113, 114, 115, 117, 126, 133, 134, 136], "summary": {"covered_lines": 34, "num_statements": 43, "percent_covered": 79.06976744186046, "percent_covered_display": "79", "missing_lines": 9, "excluded_lines": 0, "percent_statements_covered": 79.06976744186046, "percent_statements_covered_display": "79"}, "missing_lines": [27, 39, 40, 41, 43, 44, 45, 51, 74], "excluded_lines": [], "start_line": 1}}}, "app/agents/helpers.py": {"executed_lines": [], "summary": {"covered_lines": 0, "num_statements": 6, "percent_covered": 0.0, "percent_covered_display": "0", "missing_lines": 6, "excluded_lines": 0, "percent_statements_covered": 0.0, "percent_statements_covered_display": "0"}, "missing_lines": [17, 23, 24, 29, 34, 35], "excluded_lines": [], "functions": {"": {"executed_lines": [], "summary": {"covered_lines": 0, "num_statements": 6, "percent_covered": 0.0, "percent_covered_display": "0", "missing_lines": 6, "excluded_lines": 0, "percent_statements_covered": 0.0, "percent_statements_covered_display": "0"}, "missing_lines": [17, 23, 24, 29, 34, 35], "excluded_lines": [], "start_line": 1}}, "classes": {"": {"executed_lines": [], "summary": {"covered_lines": 0, "num_statements": 6, "percent_covered": 0.0, "percent_covered_display": "0", "missing_lines": 6, "excluded_lines": 0, "percent_statements_covered": 0.0, "percent_statements_covered_display": "0"}, "missing_lines": [17, 23, 24, 29, 34, 35], "excluded_lines": [], "start_line": 1}}}, "app/agents/lessons.py": {"executed_lines": [3, 4, 6, 9, 14, 20], "summary": {"covered_lines": 6, "num_statements": 6, "percent_covered": 100.0, "percent_covered_display": "100", "missing_lines": 0, "excluded_lines": 0, "percent_statements_covered": 100.0, "percent_statements_covered_display": "100"}, "missing_lines": [], "excluded_lines": [], "functions": {"get_lessons_for_workflow": {"executed_lines": [14, 20], "summary": {"covered_lines": 2, "num_statements": 2, "percent_covered": 100.0, "percent_covered_display": "100", "missing_lines": 0, "excluded_lines": 0, "percent_statements_covered": 100.0, "percent_statements_covered_display": "100"}, "missing_lines": [], "excluded_lines": [], "start_line": 9}, "": {"executed_lines": [3, 4, 6, 9], "summary": {"covered_lines": 4, "num_statements": 4, "percent_covered": 100.0, "percent_covered_display": "100", "missing_lines": 0, "excluded_lines": 0, "percent_statements_covered": 100.0, "percent_statements_covered_display": "100"}, "missing_lines": [], "excluded_lines": [], "start_line": 1}}, "classes": {"": {"executed_lines": [3, 4, 6, 9, 14, 20], "summary": {"covered_lines": 6, "num_statements": 6, "percent_covered": 100.0, "percent_covered_display": "100", "missing_lines": 0, "excluded_lines": 0, "percent_statements_covered": 100.0, "percent_statements_covered_display": "100"}, "missing_lines": [], "excluded_lines": [], "start_line": 1}}}, "app/agents/models.py": {"executed_lines": [1, 2, 4, 7, 8, 10, 11, 12, 13], "summary": {"covered_lines": 9, "num_statements": 9, "percent_covered": 100.0, "percent_covered_display": "100", "missing_lines": 0, "excluded_lines": 0, "percent_statements_covered": 100.0, "percent_statements_covered_display": "100"}, "missing_lines": [], "excluded_lines": [], "functions": {"": {"executed_lines": [1, 2, 4, 7, 8, 10, 11, 12, 13], "summary": {"covered_lines": 9, "num_statements": 9, "percent_covered": 100.0, "percent_covered_display": "100", "missing_lines": 0, "excluded_lines": 0, "percent_statements_covered": 100.0, "percent_statements_covered_display": "100"}, "missing_lines": [], "excluded_lines": [], "start_line": 1}}, "classes": {"Agent": {"executed_lines": [], "summary": {"covered_lines": 0, "num_statements": 0, "percent_covered": 100.0, "percent_covered_display": "100", "missing_lines": 0, "excluded_lines": 0, "percent_statements_covered": 100.0, "percent_statements_covered_display": "100"}, "missing_lines": [], "excluded_lines": [], "start_line": 7}, "": {"executed_lines": [1, 2, 4, 7, 8, 10, 11, 12, 13], "summary": {"covered_lines": 9, "num_statements": 9, "percent_covered": 100.0, "percent_covered_display": "100", "missing_lines": 0, "excluded_lines": 0, "percent_statements_covered": 100.0, "percent_statements_covered_display": "100"}, "missing_lines": [], "excluded_lines": [], "start_line": 1}}}, "app/agents/prompts.py": {"executed_lines": [4, 10, 11, 31, 38, 51], "summary": {"covered_lines": 6, "num_statements": 17, "percent_covered": 35.294117647058826, "percent_covered_display": "35", "missing_lines": 11, "excluded_lines": 0, "percent_statements_covered": 35.294117647058826, "percent_statements_covered_display": "35"}, "missing_lines": [59, 60, 61, 62, 63, 64, 65, 66, 68, 69, 70], "excluded_lines": [], "functions": {"build_skill_prompt_prefix": {"executed_lines": [10, 11], "summary": {"covered_lines": 2, "num_statements": 2, "percent_covered": 100.0, "percent_covered_display": "100", "missing_lines": 0, "excluded_lines": 0, "percent_statements_covered": 100.0, "percent_statements_covered_display": "100"}, "missing_lines": [], "excluded_lines": [], "start_line": 4}, "build_lesson_prompt_prefix": {"executed_lines": [38], "summary": {"covered_lines": 1, "num_statements": 1, "percent_covered": 100.0, "percent_covered_display": "100", "missing_lines": 0, "excluded_lines": 0, "percent_statements_covered": 100.0, "percent_statements_covered_display": "100"}, "missing_lines": [], "excluded_lines": [], "start_line": 31}, "extract_message_parts": {"executed_lines": [], "summary": {"covered_lines": 0, "num_statements": 11, "percent_covered": 0.0, "percent_covered_display": "0", "missing_lines": 11, "excluded_lines": 0, "percent_statements_covered": 0.0, "percent_statements_covered_display": "0"}, "missing_lines": [59, 60, 61, 62, 63, 64, 65, 66, 68, 69, 70], "excluded_lines": [], "start_line": 51}, "": {"executed_lines": [4, 31, 51], "summary": {"covered_lines": 3, "num_statements": 3, "percent_covered": 100.0, "percent_covered_display": "100", "missing_lines": 0, "excluded_lines": 0, "percent_statements_covered": 100.0, "percent_statements_covered_display": "100"}, "missing_lines": [], "excluded_lines": [], "start_line": 1}}, "classes": {"": {"executed_lines": [4, 10, 11, 31, 38, 51], "summary": {"covered_lines": 6, "num_statements": 17, "percent_covered": 35.294117647058826, "percent_covered_display": "35", "missing_lines": 11, "excluded_lines": 0, "percent_statements_covered": 35.294117647058826, "percent_statements_covered_display": "35"}, "missing_lines": [59, 60, 61, 62, 63, 64, 65, 66, 68, 69, 70], "excluded_lines": [], "start_line": 1}}}, "app/agents/routes.py": {"executed_lines": [1, 2, 4, 5, 6, 8, 9, 10, 11, 12, 13, 14, 16, 18, 21, 24, 31, 34, 41, 42, 43, 44, 45, 46, 47, 48, 49, 50, 51, 52, 53, 55, 58, 59, 70, 71, 128, 129, 134, 137, 138, 144, 147, 150, 152, 172, 179, 180, 185, 186, 197, 198, 205, 211, 213, 214, 217, 218, 224, 231], "summary": {"covered_lines": 60, "num_statements": 100, "percent_covered": 60.0, "percent_covered_display": "60", "missing_lines": 40, "excluded_lines": 0, "percent_statements_covered": 60.0, "percent_statements_covered_display": "60"}, "missing_lines": [63, 64, 65, 78, 82, 87, 88, 89, 90, 91, 92, 93, 94, 96, 98, 99, 100, 104, 105, 106, 107, 108, 109, 110, 111, 112, 113, 121, 122, 123, 125, 155, 182, 192, 194, 207, 209, 210, 227, 228], "excluded_lines": [], "functions": {"_derive_provider_type": {"executed_lines": [41, 42, 43, 44, 45, 46, 47, 48, 49, 50, 51, 52, 53, 55], "summary": {"covered_lines": 14, "num_statements": 14, "percent_covered": 100.0, "percent_covered_display": "100", "missing_lines": 0, "excluded_lines": 0, "percent_statements_covered": 100.0, "percent_statements_covered_display": "100"}, "missing_lines": [], "excluded_lines": [], "start_line": 34}, "list_models": {"executed_lines": [], "summary": {"covered_lines": 0, "num_statements": 3, "percent_covered": 0.0, "percent_covered_display": "0", "missing_lines": 3, "excluded_lines": 0, "percent_statements_covered": 0.0, "percent_statements_covered_display": "0"}, "missing_lines": [63, 64, 65], "excluded_lines": [], "start_line": 59}, "list_embedding_models": {"executed_lines": [], "summary": {"covered_lines": 0, "num_statements": 28, "percent_covered": 0.0, "percent_covered_display": "0", "missing_lines": 28, "excluded_lines": 0, "percent_statements_covered": 0.0, "percent_statements_covered_display": "0"}, "missing_lines": [78, 82, 87, 88, 89, 90, 91, 92, 93, 94, 96, 98, 99, 100, 104, 105, 106, 107, 108, 109, 110, 111, 112, 113, 121, 122, 123, 125], "excluded_lines": [], "start_line": 71}, "list_agents": {"executed_lines": [134], "summary": {"covered_lines": 1, "num_statements": 1, "percent_covered": 100.0, "percent_covered_display": "100", "missing_lines": 0, "excluded_lines": 0, "percent_statements_covered": 100.0, "percent_statements_covered_display": "100"}, "missing_lines": [], "excluded_lines": [], "start_line": 129}, "create_agent": {"executed_lines": [144, 147, 150, 152, 172, 179, 180], "summary": {"covered_lines": 7, "num_statements": 9, "percent_covered": 77.77777777777777, "percent_covered_display": "78", "missing_lines": 2, "excluded_lines": 0, "percent_statements_covered": 77.77777777777777, "percent_statements_covered_display": "78"}, "missing_lines": [155, 182], "excluded_lines": [], "start_line": 138}, "get_agent": {"executed_lines": [], "summary": {"covered_lines": 0, "num_statements": 2, "percent_covered": 0.0, "percent_covered_display": "0", "missing_lines": 2, "excluded_lines": 0, "percent_statements_covered": 0.0, "percent_statements_covered_display": "0"}, "missing_lines": [192, 194], "excluded_lines": [], "start_line": 186}, "update_agent": {"executed_lines": [205, 211, 213, 214], "summary": {"covered_lines": 4, "num_statements": 7, "percent_covered": 57.142857142857146, "percent_covered_display": "57", "missing_lines": 3, "excluded_lines": 0, "percent_statements_covered": 57.142857142857146, "percent_statements_covered_display": "57"}, "missing_lines": [207, 209, 210], "excluded_lines": [], "start_line": 198}, "delete_agent": {"executed_lines": [224, 231], "summary": {"covered_lines": 2, "num_statements": 4, "percent_covered": 50.0, "percent_covered_display": "50", "missing_lines": 2, "excluded_lines": 0, "percent_statements_covered": 50.0, "percent_statements_covered_display": "50"}, "missing_lines": [227, 228], "excluded_lines": [], "start_line": 218}, "": {"executed_lines": [1, 2, 4, 5, 6, 8, 9, 10, 11, 12, 13, 14, 16, 18, 21, 24, 31, 34, 58, 59, 70, 71, 128, 129, 137, 138, 185, 186, 197, 198, 217, 218], "summary": {"covered_lines": 32, "num_statements": 32, "percent_covered": 100.0, "percent_covered_display": "100", "missing_lines": 0, "excluded_lines": 0, "percent_statements_covered": 100.0, "percent_statements_covered_display": "100"}, "missing_lines": [], "excluded_lines": [], "start_line": 1}}, "classes": {"": {"executed_lines": [1, 2, 4, 5, 6, 8, 9, 10, 11, 12, 13, 14, 16, 18, 21, 24, 31, 34, 41, 42, 43, 44, 45, 46, 47, 48, 49, 50, 51, 52, 53, 55, 58, 59, 70, 71, 128, 129, 134, 137, 138, 144, 147, 150, 152, 172, 179, 180, 185, 186, 197, 198, 205, 211, 213, 214, 217, 218, 224, 231], "summary": {"covered_lines": 60, "num_statements": 100, "percent_covered": 60.0, "percent_covered_display": "60", "missing_lines": 40, "excluded_lines": 0, "percent_statements_covered": 60.0, "percent_statements_covered_display": "60"}, "missing_lines": [63, 64, 65, 78, 82, 87, 88, 89, 90, 91, 92, 93, 94, 96, 98, 99, 100, 104, 105, 106, 107, 108, 109, 110, 111, 112, 113, 121, 122, 123, 125, 155, 182, 192, 194, 207, 209, 210, 227, 228], "excluded_lines": [], "start_line": 1}}}, "app/agents/run_prep.py": {"executed_lines": [3, 4, 6, 8, 13, 14, 15, 16, 17, 18, 21, 41, 42, 43, 44, 45, 46, 47, 48, 51, 52, 53, 54, 55, 56, 58, 59, 60, 62, 65, 78, 79, 82, 85, 86, 89, 95, 96, 99, 100, 101, 104, 107, 110, 111, 112, 114, 117, 132, 134, 135, 138, 142, 143, 144, 147, 148, 149, 152, 153, 154, 155, 156, 157, 158, 160], "summary": {"covered_lines": 66, "num_statements": 67, "percent_covered": 98.50746268656717, "percent_covered_display": "99", "missing_lines": 1, "excluded_lines": 0, "percent_statements_covered": 98.50746268656717, "percent_statements_covered_display": "99"}, "missing_lines": [139], "excluded_lines": [], "functions": {"prepare_prompt_context": {"executed_lines": [41, 42, 43, 44, 45, 46, 47, 48, 51, 52, 53, 54, 55, 56, 58, 59, 60, 62], "summary": {"covered_lines": 18, "num_statements": 18, "percent_covered": 100.0, "percent_covered_display": "100", "missing_lines": 0, "excluded_lines": 0, "percent_statements_covered": 100.0, "percent_statements_covered_display": "100"}, "missing_lines": [], "excluded_lines": [], "start_line": 21}, "prepare_workflow_run": {"executed_lines": [78, 79, 82, 85, 86, 89, 95, 96, 99, 100, 101, 104, 107, 110, 111, 112, 114], "summary": {"covered_lines": 17, "num_statements": 17, "percent_covered": 100.0, "percent_covered_display": "100", "missing_lines": 0, "excluded_lines": 0, "percent_statements_covered": 100.0, "percent_statements_covered_display": "100"}, "missing_lines": [], "excluded_lines": [], "start_line": 65}, "prepare_chat_run": {"executed_lines": [132, 134, 135, 138, 142, 143, 144, 147, 148, 149, 152, 153, 154, 155, 156, 157, 158, 160], "summary": {"covered_lines": 18, "num_statements": 19, "percent_covered": 94.73684210526316, "percent_covered_display": "95", "missing_lines": 1, "excluded_lines": 0, "percent_statements_covered": 94.73684210526316, "percent_statements_covered_display": "95"}, "missing_lines": [139], "excluded_lines": [], "start_line": 117}, "": {"executed_lines": [3, 4, 6, 8, 13, 14, 15, 16, 17, 18, 21, 65, 117], "summary": {"covered_lines": 13, "num_statements": 13, "percent_covered": 100.0, "percent_covered_display": "100", "missing_lines": 0, "excluded_lines": 0, "percent_statements_covered": 100.0, "percent_statements_covered_display": "100"}, "missing_lines": [], "excluded_lines": [], "start_line": 1}}, "classes": {"": {"executed_lines": [3, 4, 6, 8, 13, 14, 15, 16, 17, 18, 21, 41, 42, 43, 44, 45, 46, 47, 48, 51, 52, 53, 54, 55, 56, 58, 59, 60, 62, 65, 78, 79, 82, 85, 86, 89, 95, 96, 99, 100, 101, 104, 107, 110, 111, 112, 114, 117, 132, 134, 135, 138, 142, 143, 144, 147, 148, 149, 152, 153, 154, 155, 156, 157, 158, 160], "summary": {"covered_lines": 66, "num_statements": 67, "percent_covered": 98.50746268656717, "percent_covered_display": "99", "missing_lines": 1, "excluded_lines": 0, "percent_statements_covered": 98.50746268656717, "percent_statements_covered_display": "99"}, "missing_lines": [139], "excluded_lines": [], "start_line": 1}}}, "app/agents/schemas.py": {"executed_lines": [1, 2, 4, 7, 8, 9, 10, 13, 14, 17, 18, 19, 20, 21, 22, 23, 24, 26, 27, 30, 31, 32, 33, 36, 37, 38, 39, 40], "summary": {"covered_lines": 28, "num_statements": 28, "percent_covered": 100.0, "percent_covered_display": "100", "missing_lines": 0, "excluded_lines": 0, "percent_statements_covered": 100.0, "percent_statements_covered_display": "100"}, "missing_lines": [], "excluded_lines": [], "functions": {"": {"executed_lines": [1, 2, 4, 7, 8, 9, 10, 13, 14, 17, 18, 19, 20, 21, 22, 23, 24, 26, 27, 30, 31, 32, 33, 36, 37, 38, 39, 40], "summary": {"covered_lines": 28, "num_statements": 28, "percent_covered": 100.0, "percent_covered_display": "100", "missing_lines": 0, "excluded_lines": 0, "percent_statements_covered": 100.0, "percent_statements_covered_display": "100"}, "missing_lines": [], "excluded_lines": [], "start_line": 1}}, "classes": {"AgentCreate": {"executed_lines": [], "summary": {"covered_lines": 0, "num_statements": 0, "percent_covered": 100.0, "percent_covered_display": "100", "missing_lines": 0, "excluded_lines": 0, "percent_statements_covered": 100.0, "percent_statements_covered_display": "100"}, "missing_lines": [], "excluded_lines": [], "start_line": 7}, "AgentUpdate": {"executed_lines": [], "summary": {"covered_lines": 0, "num_statements": 0, "percent_covered": 100.0, "percent_covered_display": "100", "missing_lines": 0, "excluded_lines": 0, "percent_statements_covered": 100.0, "percent_statements_covered_display": "100"}, "missing_lines": [], "excluded_lines": [], "start_line": 13}, "AgentResponse": {"executed_lines": [], "summary": {"covered_lines": 0, "num_statements": 0, "percent_covered": 100.0, "percent_covered_display": "100", "missing_lines": 0, "excluded_lines": 0, "percent_statements_covered": 100.0, "percent_statements_covered_display": "100"}, "missing_lines": [], "excluded_lines": [], "start_line": 17}, "AgentResponse.Config": {"executed_lines": [], "summary": {"covered_lines": 0, "num_statements": 0, "percent_covered": 100.0, "percent_covered_display": "100", "missing_lines": 0, "excluded_lines": 0, "percent_statements_covered": 100.0, "percent_statements_covered_display": "100"}, "missing_lines": [], "excluded_lines": [], "start_line": 26}, "ModelResponse": {"executed_lines": [], "summary": {"covered_lines": 0, "num_statements": 0, "percent_covered": 100.0, "percent_covered_display": "100", "missing_lines": 0, "excluded_lines": 0, "percent_statements_covered": 100.0, "percent_statements_covered_display": "100"}, "missing_lines": [], "excluded_lines": [], "start_line": 30}, "EmbeddingModelResponse": {"executed_lines": [], "summary": {"covered_lines": 0, "num_statements": 0, "percent_covered": 100.0, "percent_covered_display": "100", "missing_lines": 0, "excluded_lines": 0, "percent_statements_covered": 100.0, "percent_statements_covered_display": "100"}, "missing_lines": [], "excluded_lines": [], "start_line": 36}, "": {"executed_lines": [1, 2, 4, 7, 8, 9, 10, 13, 14, 17, 18, 19, 20, 21, 22, 23, 24, 26, 27, 30, 31, 32, 33, 36, 37, 38, 39, 40], "summary": {"covered_lines": 28, "num_statements": 28, "percent_covered": 100.0, "percent_covered_display": "100", "missing_lines": 0, "excluded_lines": 0, "percent_statements_covered": 100.0, "percent_statements_covered_display": "100"}, "missing_lines": [], "excluded_lines": [], "start_line": 1}}}, "app/agents/skills.py": {"executed_lines": [3, 4, 6, 9], "summary": {"covered_lines": 4, "num_statements": 8, "percent_covered": 50.0, "percent_covered_display": "50", "missing_lines": 4, "excluded_lines": 0, "percent_statements_covered": 50.0, "percent_statements_covered_display": "50"}, "missing_lines": [15, 16, 18, 19], "excluded_lines": [], "functions": {"get_skills_by_ids": {"executed_lines": [], "summary": {"covered_lines": 0, "num_statements": 4, "percent_covered": 0.0, "percent_covered_display": "0", "missing_lines": 4, "excluded_lines": 0, "percent_statements_covered": 0.0, "percent_statements_covered_display": "0"}, "missing_lines": [15, 16, 18, 19], "excluded_lines": [], "start_line": 9}, "": {"executed_lines": [3, 4, 6, 9], "summary": {"covered_lines": 4, "num_statements": 4, "percent_covered": 100.0, "percent_covered_display": "100", "missing_lines": 0, "excluded_lines": 0, "percent_statements_covered": 100.0, "percent_statements_covered_display": "100"}, "missing_lines": [], "excluded_lines": [], "start_line": 1}}, "classes": {"": {"executed_lines": [3, 4, 6, 9], "summary": {"covered_lines": 4, "num_statements": 8, "percent_covered": 50.0, "percent_covered_display": "50", "missing_lines": 4, "excluded_lines": 0, "percent_statements_covered": 50.0, "percent_statements_covered_display": "50"}, "missing_lines": [15, 16, 18, 19], "excluded_lines": [], "start_line": 1}}}, "app/agents/tools.py": {"executed_lines": [3, 5, 6, 8, 9, 11, 14, 42, 53, 55, 56, 57, 60, 61, 62, 63, 64, 65, 66, 68, 69, 71, 73, 79, 83, 92, 93, 99, 100, 102, 103, 109, 110, 113, 114, 119, 127, 133, 136, 147, 149, 151, 152, 153, 156, 159, 160, 161, 162, 163, 164, 165, 167, 168, 170, 172, 173, 174, 175, 176, 182, 183, 184, 186, 187, 192, 193, 199, 200, 203, 204, 205, 210, 211, 218, 224, 232, 233, 238, 239, 245, 250], "summary": {"covered_lines": 82, "num_statements": 92, "percent_covered": 89.1304347826087, "percent_covered_display": "89", "missing_lines": 10, "excluded_lines": 0, "percent_statements_covered": 89.1304347826087, "percent_statements_covered_display": "89"}, "missing_lines": [22, 23, 25, 26, 28, 29, 30, 36, 37, 39], "excluded_lines": [], "functions": {"attach_tools_to_agent": {"executed_lines": [], "summary": {"covered_lines": 0, "num_statements": 10, "percent_covered": 0.0, "percent_covered_display": "0", "missing_lines": 10, "excluded_lines": 0, "percent_statements_covered": 0.0, "percent_statements_covered_display": "0"}, "missing_lines": [22, 23, 25, 26, 28, 29, 30, 36, 37, 39], "excluded_lines": [], "start_line": 14}, "ensure_propose_tool": {"executed_lines": [53, 55, 56, 57, 60, 61, 62, 63, 64, 65, 66, 68, 69, 71, 73, 79, 83, 92, 93, 99, 100, 102, 103, 109, 110, 113, 114, 119, 127, 133], "summary": {"covered_lines": 30, "num_statements": 30, "percent_covered": 100.0, "percent_covered_display": "100", "missing_lines": 0, "excluded_lines": 0, "percent_statements_covered": 100.0, "percent_statements_covered_display": "100"}, "missing_lines": [], "excluded_lines": [], "start_line": 42}, "ensure_web_search": {"executed_lines": [147, 149, 151, 152, 153, 156, 159, 160, 161, 162, 163, 164, 165, 167, 168, 170, 172, 173, 174, 175, 176, 182, 183, 184, 186, 187, 192, 193, 199, 200, 203, 204, 205, 210, 211, 218, 224, 232, 233, 238, 239, 245, 250], "summary": {"covered_lines": 43, "num_statements": 43, "percent_covered": 100.0, "percent_covered_display": "100", "missing_lines": 0, "excluded_lines": 0, "percent_statements_covered": 100.0, "percent_statements_covered_display": "100"}, "missing_lines": [], "excluded_lines": [], "start_line": 136}, "": {"executed_lines": [3, 5, 6, 8, 9, 11, 14, 42, 136], "summary": {"covered_lines": 9, "num_statements": 9, "percent_covered": 100.0, "percent_covered_display": "100", "missing_lines": 0, "excluded_lines": 0, "percent_statements_covered": 100.0, "percent_statements_covered_display": "100"}, "missing_lines": [], "excluded_lines": [], "start_line": 1}}, "classes": {"": {"executed_lines": [3, 5, 6, 8, 9, 11, 14, 42, 53, 55, 56, 57, 60, 61, 62, 63, 64, 65, 66, 68, 69, 71, 73, 79, 83, 92, 93, 99, 100, 102, 103, 109, 110, 113, 114, 119, 127, 133, 136, 147, 149, 151, 152, 153, 156, 159, 160, 161, 162, 163, 164, 165, 167, 168, 170, 172, 173, 174, 175, 176, 182, 183, 184, 186, 187, 192, 193, 199, 200, 203, 204, 205, 210, 211, 218, 224, 232, 233, 238, 239, 245, 250], "summary": {"covered_lines": 82, "num_statements": 92, "percent_covered": 89.1304347826087, "percent_covered_display": "89", "missing_lines": 10, "excluded_lines": 0, "percent_statements_covered": 89.1304347826087, "percent_statements_covered_display": "89"}, "missing_lines": [22, 23, 25, 26, 28, 29, 30, 36, 37, 39], "excluded_lines": [], "start_line": 1}}}, "app/async_utils.py": {"executed_lines": [3, 4, 5, 6, 7, 9, 11, 14, 17, 22, 25, 42, 43, 44, 45, 46, 47, 48, 49, 50, 57, 59, 64, 67, 100, 101, 102, 103, 108, 109, 110, 111, 112, 113, 114, 120, 122, 126, 127, 130, 131, 132, 133, 134, 136, 137, 138, 139, 142, 143, 144, 145, 150, 151, 152, 155, 156, 157, 158, 161, 162, 163, 164, 165, 168, 169, 170, 171, 172, 174, 175, 176, 177, 178, 180, 183, 194, 195, 196, 197, 198, 199, 200, 201, 202, 203, 204, 205, 206, 207, 208, 211, 213], "summary": {"covered_lines": 93, "num_statements": 95, "percent_covered": 97.89473684210526, "percent_covered_display": "98", "missing_lines": 2, "excluded_lines": 0, "percent_statements_covered": 97.89473684210526, "percent_statements_covered_display": "98"}, "missing_lines": [124, 147], "excluded_lines": [], "functions": {"run_sync": {"executed_lines": [22], "summary": {"covered_lines": 1, "num_statements": 1, "percent_covered": 100.0, "percent_covered_display": "100", "missing_lines": 0, "excluded_lines": 0, "percent_statements_covered": 100.0, "percent_statements_covered_display": "100"}, "missing_lines": [], "excluded_lines": [], "start_line": 17}, "retry_letta_call": {"executed_lines": [42, 43, 44, 45, 46, 47, 48, 49, 50, 57, 59, 64], "summary": {"covered_lines": 12, "num_statements": 12, "percent_covered": 100.0, "percent_covered_display": "100", "missing_lines": 0, "excluded_lines": 0, "percent_statements_covered": 100.0, "percent_statements_covered_display": "100"}, "missing_lines": [], "excluded_lines": [], "start_line": 25}, "stream_letta_response": {"executed_lines": [100, 101, 102, 103, 108, 109, 110, 111, 112, 113, 114, 120, 122, 126, 127, 130, 136, 137, 138, 139, 142, 143, 144, 145, 150, 151, 152, 155, 156, 157, 158, 161, 162, 163, 164, 165, 168, 169, 170, 171, 172, 174, 175, 176, 177, 178, 180], "summary": {"covered_lines": 47, "num_statements": 49, "percent_covered": 95.91836734693878, "percent_covered_display": "96", "missing_lines": 2, "excluded_lines": 0, "percent_statements_covered": 95.91836734693878, "percent_statements_covered_display": "96"}, "missing_lines": [124, 147], "excluded_lines": [], "start_line": 67}, "stream_letta_response.get_next": {"executed_lines": [131, 132, 133, 134], "summary": {"covered_lines": 4, "num_statements": 4, "percent_covered": 100.0, "percent_covered_display": "100", "missing_lines": 0, "excluded_lines": 0, "percent_statements_covered": 100.0, "percent_statements_covered_display": "100"}, "missing_lines": [], "excluded_lines": [], "start_line": 130}, "event_to_sse": {"executed_lines": [194, 195, 196, 197, 198, 199, 200, 201, 202, 203, 204, 205, 206, 207, 208], "summary": {"covered_lines": 15, "num_statements": 15, "percent_covered": 100.0, "percent_covered_display": "100", "missing_lines": 0, "excluded_lines": 0, "percent_statements_covered": 100.0, "percent_statements_covered_display": "100"}, "missing_lines": [], "excluded_lines": [], "start_line": 183}, "sse_response": {"executed_lines": [213], "summary": {"covered_lines": 1, "num_statements": 1, "percent_covered": 100.0, "percent_covered_display": "100", "missing_lines": 0, "excluded_lines": 0, "percent_statements_covered": 100.0, "percent_statements_covered_display": "100"}, "missing_lines": [], "excluded_lines": [], "start_line": 211}, "": {"executed_lines": [3, 4, 5, 6, 7, 9, 11, 14, 17, 25, 67, 183, 211], "summary": {"covered_lines": 13, "num_statements": 13, "percent_covered": 100.0, "percent_covered_display": "100", "missing_lines": 0, "excluded_lines": 0, "percent_statements_covered": 100.0, "percent_statements_covered_display": "100"}, "missing_lines": [], "excluded_lines": [], "start_line": 1}}, "classes": {"": {"executed_lines": [3, 4, 5, 6, 7, 9, 11, 14, 17, 22, 25, 42, 43, 44, 45, 46, 47, 48, 49, 50, 57, 59, 64, 67, 100, 101, 102, 103, 108, 109, 110, 111, 112, 113, 114, 120, 122, 126, 127, 130, 131, 132, 133, 134, 136, 137, 138, 139, 142, 143, 144, 145, 150, 151, 152, 155, 156, 157, 158, 161, 162, 163, 164, 165, 168, 169, 170, 171, 172, 174, 175, 176, 177, 178, 180, 183, 194, 195, 196, 197, 198, 199, 200, 201, 202, 203, 204, 205, 206, 207, 208, 211, 213], "summary": {"covered_lines": 93, "num_statements": 95, "percent_covered": 97.89473684210526, "percent_covered_display": "98", "missing_lines": 2, "excluded_lines": 0, "percent_statements_covered": 97.89473684210526, "percent_statements_covered_display": "98"}, "missing_lines": [124, 147], "excluded_lines": [], "start_line": 1}}}, "app/audit/__init__.py": {"executed_lines": [1, 2, 3, 5], "summary": {"covered_lines": 4, "num_statements": 4, "percent_covered": 100.0, "percent_covered_display": "100", "missing_lines": 0, "excluded_lines": 0, "percent_statements_covered": 100.0, "percent_statements_covered_display": "100"}, "missing_lines": [], "excluded_lines": [], "functions": {"": {"executed_lines": [1, 2, 3, 5], "summary": {"covered_lines": 4, "num_statements": 4, "percent_covered": 100.0, "percent_covered_display": "100", "missing_lines": 0, "excluded_lines": 0, "percent_statements_covered": 100.0, "percent_statements_covered_display": "100"}, "missing_lines": [], "excluded_lines": [], "start_line": 1}}, "classes": {"": {"executed_lines": [1, 2, 3, 5], "summary": {"covered_lines": 4, "num_statements": 4, "percent_covered": 100.0, "percent_covered_display": "100", "missing_lines": 0, "excluded_lines": 0, "percent_statements_covered": 100.0, "percent_statements_covered_display": "100"}, "missing_lines": [], "excluded_lines": [], "start_line": 1}}}, "app/audit/middleware.py": {"executed_lines": [7, 8, 9, 10, 12, 13, 14, 16, 17, 20, 23, 29, 33, 35, 104, 106, 107, 110, 111, 112, 113, 114, 115, 116, 117, 118, 119, 120, 121, 122, 123, 124, 125, 126, 127, 128, 129, 131, 133, 135, 138, 139, 141, 142, 143, 145, 147, 148, 151, 152, 153, 156, 157, 158, 160], "summary": {"covered_lines": 55, "num_statements": 83, "percent_covered": 66.26506024096386, "percent_covered_display": "66", "missing_lines": 28, "excluded_lines": 0, "percent_statements_covered": 66.26506024096386, "percent_statements_covered_display": "66"}, "missing_lines": [37, 38, 41, 42, 45, 48, 49, 52, 53, 54, 57, 60, 61, 62, 65, 68, 69, 70, 71, 73, 82, 83, 84, 96, 97, 99, 100, 102], "excluded_lines": [], "functions": {"AuditMiddleware.dispatch": {"executed_lines": [], "summary": {"covered_lines": 0, "num_statements": 28, "percent_covered": 0.0, "percent_covered_display": "0", "missing_lines": 28, "excluded_lines": 0, "percent_statements_covered": 0.0, "percent_statements_covered_display": "0"}, "missing_lines": [37, 38, 41, 42, 45, 48, 49, 52, 53, 54, 57, 60, 61, 62, 65, 68, 69, 70, 71, 73, 82, 83, 84, 96, 97, 99, 100, 102], "excluded_lines": [], "start_line": 35}, "AuditMiddleware._get_action": {"executed_lines": [106, 107, 110, 111, 112, 113, 114, 115, 116, 117, 118, 119, 120, 121, 122, 123, 124, 125, 126, 127, 128, 129, 131], "summary": {"covered_lines": 23, "num_statements": 23, "percent_covered": 100.0, "percent_covered_display": "100", "missing_lines": 0, "excluded_lines": 0, "percent_statements_covered": 100.0, "percent_statements_covered_display": "100"}, "missing_lines": [], "excluded_lines": [], "start_line": 104}, "AuditMiddleware._get_resource_type": {"executed_lines": [135, 138, 139, 141, 142, 143], "summary": {"covered_lines": 6, "num_statements": 6, "percent_covered": 100.0, "percent_covered_display": "100", "missing_lines": 0, "excluded_lines": 0, "percent_statements_covered": 100.0, "percent_statements_covered_display": "100"}, "missing_lines": [], "excluded_lines": [], "start_line": 133}, "AuditMiddleware._get_resource_id": {"executed_lines": [147, 148, 151, 152, 153, 156, 157, 158, 160], "summary": {"covered_lines": 9, "num_statements": 9, "percent_covered": 100.0, "percent_covered_display": "100", "missing_lines": 0, "excluded_lines": 0, "percent_statements_covered": 100.0, "percent_statements_covered_display": "100"}, "missing_lines": [], "excluded_lines": [], "start_line": 145}, "": {"executed_lines": [7, 8, 9, 10, 12, 13, 14, 16, 17, 20, 23, 29, 33, 35, 104, 133, 145], "summary": {"covered_lines": 17, "num_statements": 17, "percent_covered": 100.0, "percent_covered_display": "100", "missing_lines": 0, "excluded_lines": 0, "percent_statements_covered": 100.0, "percent_statements_covered_display": "100"}, "missing_lines": [], "excluded_lines": [], "start_line": 1}}, "classes": {"AuditMiddleware": {"executed_lines": [106, 107, 110, 111, 112, 113, 114, 115, 116, 117, 118, 119, 120, 121, 122, 123, 124, 125, 126, 127, 128, 129, 131, 135, 138, 139, 141, 142, 143, 147, 148, 151, 152, 153, 156, 157, 158, 160], "summary": {"covered_lines": 38, "num_statements": 66, "percent_covered": 57.57575757575758, "percent_covered_display": "58", "missing_lines": 28, "excluded_lines": 0, "percent_statements_covered": 57.57575757575758, "percent_statements_covered_display": "58"}, "missing_lines": [37, 38, 41, 42, 45, 48, 49, 52, 53, 54, 57, 60, 61, 62, 65, 68, 69, 70, 71, 73, 82, 83, 84, 96, 97, 99, 100, 102], "excluded_lines": [], "start_line": 29}, "": {"executed_lines": [7, 8, 9, 10, 12, 13, 14, 16, 17, 20, 23, 29, 33, 35, 104, 133, 145], "summary": {"covered_lines": 17, "num_statements": 17, "percent_covered": 100.0, "percent_covered_display": "100", "missing_lines": 0, "excluded_lines": 0, "percent_statements_covered": 100.0, "percent_statements_covered_display": "100"}, "missing_lines": [], "excluded_lines": [], "start_line": 1}}}, "app/audit/models.py": {"executed_lines": [1, 3, 4, 5, 7, 10, 11, 13, 14, 15, 16, 17, 18, 19, 20, 21], "summary": {"covered_lines": 16, "num_statements": 16, "percent_covered": 100.0, "percent_covered_display": "100", "missing_lines": 0, "excluded_lines": 0, "percent_statements_covered": 100.0, "percent_statements_covered_display": "100"}, "missing_lines": [], "excluded_lines": [], "functions": {"": {"executed_lines": [1, 3, 4, 5, 7, 10, 11, 13, 14, 15, 16, 17, 18, 19, 20, 21], "summary": {"covered_lines": 16, "num_statements": 16, "percent_covered": 100.0, "percent_covered_display": "100", "missing_lines": 0, "excluded_lines": 0, "percent_statements_covered": 100.0, "percent_statements_covered_display": "100"}, "missing_lines": [], "excluded_lines": [], "start_line": 1}}, "classes": {"AuditLog": {"executed_lines": [], "summary": {"covered_lines": 0, "num_statements": 0, "percent_covered": 100.0, "percent_covered_display": "100", "missing_lines": 0, "excluded_lines": 0, "percent_statements_covered": 100.0, "percent_statements_covered_display": "100"}, "missing_lines": [], "excluded_lines": [], "start_line": 10}, "": {"executed_lines": [1, 3, 4, 5, 7, 10, 11, 13, 14, 15, 16, 17, 18, 19, 20, 21], "summary": {"covered_lines": 16, "num_statements": 16, "percent_covered": 100.0, "percent_covered_display": "100", "missing_lines": 0, "excluded_lines": 0, "percent_statements_covered": 100.0, "percent_statements_covered_display": "100"}, "missing_lines": [], "excluded_lines": [], "start_line": 1}}}, "app/audit/routes.py": {"executed_lines": [1, 2, 3, 5, 6, 7, 8, 10, 11, 12, 13, 15, 18, 20, 23, 24, 34, 37, 39, 41, 42, 43, 46, 48, 51, 67, 68, 76, 79, 80, 81, 83, 86, 131, 132, 138, 141, 156, 166], "summary": {"covered_lines": 39, "num_statements": 59, "percent_covered": 66.10169491525424, "percent_covered_display": "66", "missing_lines": 20, "excluded_lines": 0, "percent_statements_covered": 66.10169491525424, "percent_statements_covered_display": "66"}, "missing_lines": [38, 40, 49, 82, 84, 87, 90, 91, 92, 106, 107, 121, 122, 124, 147, 150, 159, 169, 174, 176], "excluded_lines": [], "functions": {"_base_query": {"executed_lines": [20], "summary": {"covered_lines": 1, "num_statements": 1, "percent_covered": 100.0, "percent_covered_display": "100", "missing_lines": 0, "excluded_lines": 0, "percent_statements_covered": 100.0, "percent_statements_covered_display": "100"}, "missing_lines": [], "excluded_lines": [], "start_line": 18}, "list_audit_logs": {"executed_lines": [34, 37, 39, 41, 42, 43, 46, 48, 51], "summary": {"covered_lines": 9, "num_statements": 12, "percent_covered": 75.0, "percent_covered_display": "75", "missing_lines": 3, "excluded_lines": 0, "percent_statements_covered": 75.0, "percent_statements_covered_display": "75"}, "missing_lines": [38, 40, 49], "excluded_lines": [], "start_line": 24}, "export_audit_logs": {"executed_lines": [76, 79, 80, 81, 83, 86], "summary": {"covered_lines": 6, "num_statements": 17, "percent_covered": 35.294117647058826, "percent_covered_display": "35", "missing_lines": 11, "excluded_lines": 0, "percent_statements_covered": 35.294117647058826, "percent_statements_covered_display": "35"}, "missing_lines": [82, 84, 87, 90, 91, 92, 106, 107, 121, 122, 124], "excluded_lines": [], "start_line": 68}, "audit_stats": {"executed_lines": [138, 141, 156, 166], "summary": {"covered_lines": 4, "num_statements": 10, "percent_covered": 40.0, "percent_covered_display": "40", "missing_lines": 6, "excluded_lines": 0, "percent_statements_covered": 40.0, "percent_statements_covered_display": "40"}, "missing_lines": [147, 150, 159, 169, 174, 176], "excluded_lines": [], "start_line": 132}, "": {"executed_lines": [1, 2, 3, 5, 6, 7, 8, 10, 11, 12, 13, 15, 18, 23, 24, 67, 68, 131, 132], "summary": {"covered_lines": 19, "num_statements": 19, "percent_covered": 100.0, "percent_covered_display": "100", "missing_lines": 0, "excluded_lines": 0, "percent_statements_covered": 100.0, "percent_statements_covered_display": "100"}, "missing_lines": [], "excluded_lines": [], "start_line": 1}}, "classes": {"": {"executed_lines": [1, 2, 3, 5, 6, 7, 8, 10, 11, 12, 13, 15, 18, 20, 23, 24, 34, 37, 39, 41, 42, 43, 46, 48, 51, 67, 68, 76, 79, 80, 81, 83, 86, 131, 132, 138, 141, 156, 166], "summary": {"covered_lines": 39, "num_statements": 59, "percent_covered": 66.10169491525424, "percent_covered_display": "66", "missing_lines": 20, "excluded_lines": 0, "percent_statements_covered": 66.10169491525424, "percent_statements_covered_display": "66"}, "missing_lines": [38, 40, 49, 82, 84, 87, 90, 91, 92, 106, 107, 121, 122, 124, 147, 150, 159, 169, 174, 176], "excluded_lines": [], "start_line": 1}}}, "app/auth/__init__.py": {"executed_lines": [], "summary": {"covered_lines": 0, "num_statements": 0, "percent_covered": 100.0, "percent_covered_display": "100", "missing_lines": 0, "excluded_lines": 0, "percent_statements_covered": 100.0, "percent_statements_covered_display": "100"}, "missing_lines": [], "excluded_lines": [], "functions": {"": {"executed_lines": [], "summary": {"covered_lines": 0, "num_statements": 0, "percent_covered": 100.0, "percent_covered_display": "100", "missing_lines": 0, "excluded_lines": 0, "percent_statements_covered": 100.0, "percent_statements_covered_display": "100"}, "missing_lines": [], "excluded_lines": [], "start_line": 1}}, "classes": {"": {"executed_lines": [], "summary": {"covered_lines": 0, "num_statements": 0, "percent_covered": 100.0, "percent_covered_display": "100", "missing_lines": 0, "excluded_lines": 0, "percent_statements_covered": 100.0, "percent_statements_covered_display": "100"}, "missing_lines": [], "excluded_lines": [], "start_line": 1}}}, "app/auth/dependencies.py": {"executed_lines": [1, 3, 4, 5, 6, 8, 9, 10, 11, 13, 16, 19, 26, 27, 28, 31, 32, 35, 38, 46, 47, 48, 54, 56, 57, 63, 64, 70, 123, 127, 132, 135, 144, 145, 146, 148, 149, 150], "summary": {"covered_lines": 38, "num_statements": 68, "percent_covered": 55.88235294117647, "percent_covered_display": "56", "missing_lines": 30, "excluded_lines": 0, "percent_statements_covered": 55.88235294117647, "percent_statements_covered_display": "56"}, "missing_lines": [33, 65, 71, 73, 74, 80, 81, 82, 89, 90, 91, 92, 95, 96, 97, 98, 100, 101, 102, 103, 104, 108, 109, 110, 111, 118, 120, 128, 147, 151], "excluded_lines": [], "functions": {"_extract_token": {"executed_lines": [26, 27, 28, 31, 32, 35], "summary": {"covered_lines": 6, "num_statements": 7, "percent_covered": 85.71428571428571, "percent_covered_display": "86", "missing_lines": 1, "excluded_lines": 0, "percent_statements_covered": 85.71428571428571, "percent_statements_covered_display": "86"}, "missing_lines": [33], "excluded_lines": [], "start_line": 19}, "get_current_user": {"executed_lines": [46, 47, 48, 54, 56, 57, 63, 64, 70], "summary": {"covered_lines": 9, "num_statements": 35, "percent_covered": 25.714285714285715, "percent_covered_display": "26", "missing_lines": 26, "excluded_lines": 0, "percent_statements_covered": 25.714285714285715, "percent_statements_covered_display": "26"}, "missing_lines": [65, 71, 73, 74, 80, 81, 82, 89, 90, 91, 92, 95, 96, 97, 98, 100, 101, 102, 103, 104, 108, 109, 110, 111, 118, 120], "excluded_lines": [], "start_line": 38}, "get_admin_user": {"executed_lines": [127, 132], "summary": {"covered_lines": 2, "num_statements": 3, "percent_covered": 66.66666666666667, "percent_covered_display": "67", "missing_lines": 1, "excluded_lines": 0, "percent_statements_covered": 66.66666666666667, "percent_statements_covered_display": "67"}, "missing_lines": [128], "excluded_lines": [], "start_line": 123}, "verify_service_token": {"executed_lines": [144, 145, 146, 148, 149, 150], "summary": {"covered_lines": 6, "num_statements": 8, "percent_covered": 75.0, "percent_covered_display": "75", "missing_lines": 2, "excluded_lines": 0, "percent_statements_covered": 75.0, "percent_statements_covered_display": "75"}, "missing_lines": [147, 151], "excluded_lines": [], "start_line": 135}, "": {"executed_lines": [1, 3, 4, 5, 6, 8, 9, 10, 11, 13, 16, 19, 38, 123, 135], "summary": {"covered_lines": 15, "num_statements": 15, "percent_covered": 100.0, "percent_covered_display": "100", "missing_lines": 0, "excluded_lines": 0, "percent_statements_covered": 100.0, "percent_statements_covered_display": "100"}, "missing_lines": [], "excluded_lines": [], "start_line": 1}}, "classes": {"": {"executed_lines": [1, 3, 4, 5, 6, 8, 9, 10, 11, 13, 16, 19, 26, 27, 28, 31, 32, 35, 38, 46, 47, 48, 54, 56, 57, 63, 64, 70, 123, 127, 132, 135, 144, 145, 146, 148, 149, 150], "summary": {"covered_lines": 38, "num_statements": 68, "percent_covered": 55.88235294117647, "percent_covered_display": "56", "missing_lines": 30, "excluded_lines": 0, "percent_statements_covered": 55.88235294117647, "percent_statements_covered_display": "56"}, "missing_lines": [33, 65, 71, 73, 74, 80, 81, 82, 89, 90, 91, 92, 95, 96, 97, 98, 100, 101, 102, 103, 104, 108, 109, 110, 111, 118, 120, 128, 147, 151], "excluded_lines": [], "start_line": 1}}}, "app/auth/models.py": {"executed_lines": [1, 2, 4, 5, 6, 8, 11, 12, 14, 15, 16, 17, 18, 19, 20], "summary": {"covered_lines": 15, "num_statements": 15, "percent_covered": 100.0, "percent_covered_display": "100", "missing_lines": 0, "excluded_lines": 0, "percent_statements_covered": 100.0, "percent_statements_covered_display": "100"}, "missing_lines": [], "excluded_lines": [], "functions": {"": {"executed_lines": [1, 2, 4, 5, 6, 8, 11, 12, 14, 15, 16, 17, 18, 19, 20], "summary": {"covered_lines": 15, "num_statements": 15, "percent_covered": 100.0, "percent_covered_display": "100", "missing_lines": 0, "excluded_lines": 0, "percent_statements_covered": 100.0, "percent_statements_covered_display": "100"}, "missing_lines": [], "excluded_lines": [], "start_line": 1}}, "classes": {"User": {"executed_lines": [], "summary": {"covered_lines": 0, "num_statements": 0, "percent_covered": 100.0, "percent_covered_display": "100", "missing_lines": 0, "excluded_lines": 0, "percent_statements_covered": 100.0, "percent_statements_covered_display": "100"}, "missing_lines": [], "excluded_lines": [], "start_line": 11}, "": {"executed_lines": [1, 2, 4, 5, 6, 8, 11, 12, 14, 15, 16, 17, 18, 19, 20], "summary": {"covered_lines": 15, "num_statements": 15, "percent_covered": 100.0, "percent_covered_display": "100", "missing_lines": 0, "excluded_lines": 0, "percent_statements_covered": 100.0, "percent_statements_covered_display": "100"}, "missing_lines": [], "excluded_lines": [], "start_line": 1}}}, "app/auth/routes.py": {"executed_lines": [1, 2, 4, 5, 6, 8, 9, 10, 11, 12, 13, 14, 17, 19, 22, 23, 26, 33, 34, 45, 46, 48, 57, 58, 59, 64, 67, 113, 114, 115, 117, 139, 140, 141, 172, 173, 175, 178, 179, 181, 182, 185, 186, 191, 192], "summary": {"covered_lines": 45, "num_statements": 79, "percent_covered": 56.962025316455694, "percent_covered_display": "57", "missing_lines": 34, "excluded_lines": 0, "percent_statements_covered": 56.962025316455694, "percent_statements_covered_display": "57"}, "missing_lines": [49, 50, 51, 68, 69, 75, 76, 77, 78, 84, 85, 86, 92, 98, 99, 101, 104, 106, 118, 120, 121, 127, 130, 132, 150, 151, 157, 158, 164, 165, 166, 167, 169, 193], "excluded_lines": [], "functions": {"_set_auth_cookie": {"executed_lines": [33, 34], "summary": {"covered_lines": 2, "num_statements": 2, "percent_covered": 100.0, "percent_covered_display": "100", "missing_lines": 0, "excluded_lines": 0, "percent_statements_covered": 100.0, "percent_statements_covered_display": "100"}, "missing_lines": [], "excluded_lines": [], "start_line": 26}, "setup_status": {"executed_lines": [48], "summary": {"covered_lines": 1, "num_statements": 4, "percent_covered": 25.0, "percent_covered_display": "25", "missing_lines": 3, "excluded_lines": 0, "percent_statements_covered": 25.0, "percent_statements_covered_display": "25"}, "missing_lines": [49, 50, 51], "excluded_lines": [], "start_line": 46}, "register": {"executed_lines": [64, 67], "summary": {"covered_lines": 2, "num_statements": 17, "percent_covered": 11.764705882352942, "percent_covered_display": "12", "missing_lines": 15, "excluded_lines": 0, "percent_statements_covered": 11.764705882352942, "percent_statements_covered_display": "12"}, "missing_lines": [68, 69, 75, 76, 77, 78, 84, 85, 86, 92, 98, 99, 101, 104, 106], "excluded_lines": [], "start_line": 59}, "login": {"executed_lines": [117], "summary": {"covered_lines": 1, "num_statements": 7, "percent_covered": 14.285714285714286, "percent_covered_display": "14", "missing_lines": 6, "excluded_lines": 0, "percent_statements_covered": 14.285714285714286, "percent_statements_covered_display": "14"}, "missing_lines": [118, 120, 121, 127, 130, 132], "excluded_lines": [], "start_line": 115}, "change_password": {"executed_lines": [], "summary": {"covered_lines": 0, "num_statements": 9, "percent_covered": 0.0, "percent_covered_display": "0", "missing_lines": 9, "excluded_lines": 0, "percent_statements_covered": 0.0, "percent_statements_covered_display": "0"}, "missing_lines": [150, 151, 157, 158, 164, 165, 166, 167, 169], "excluded_lines": [], "start_line": 141}, "get_me": {"executed_lines": [175], "summary": {"covered_lines": 1, "num_statements": 1, "percent_covered": 100.0, "percent_covered_display": "100", "missing_lines": 0, "excluded_lines": 0, "percent_statements_covered": 100.0, "percent_statements_covered_display": "100"}, "missing_lines": [], "excluded_lines": [], "start_line": 173}, "logout": {"executed_lines": [181, 182], "summary": {"covered_lines": 2, "num_statements": 2, "percent_covered": 100.0, "percent_covered_display": "100", "missing_lines": 0, "excluded_lines": 0, "percent_statements_covered": 100.0, "percent_statements_covered_display": "100"}, "missing_lines": [], "excluded_lines": [], "start_line": 179}, "logout_everywhere": {"executed_lines": [191, 192], "summary": {"covered_lines": 2, "num_statements": 3, "percent_covered": 66.66666666666667, "percent_covered_display": "67", "missing_lines": 1, "excluded_lines": 0, "percent_statements_covered": 66.66666666666667, "percent_statements_covered_display": "67"}, "missing_lines": [193], "excluded_lines": [], "start_line": 186}, "": {"executed_lines": [1, 2, 4, 5, 6, 8, 9, 10, 11, 12, 13, 14, 17, 19, 22, 23, 26, 45, 46, 57, 58, 59, 113, 114, 115, 139, 140, 141, 172, 173, 178, 179, 185, 186], "summary": {"covered_lines": 34, "num_statements": 34, "percent_covered": 100.0, "percent_covered_display": "100", "missing_lines": 0, "excluded_lines": 0, "percent_statements_covered": 100.0, "percent_statements_covered_display": "100"}, "missing_lines": [], "excluded_lines": [], "start_line": 1}}, "classes": {"": {"executed_lines": [1, 2, 4, 5, 6, 8, 9, 10, 11, 12, 13, 14, 17, 19, 22, 23, 26, 33, 34, 45, 46, 48, 57, 58, 59, 64, 67, 113, 114, 115, 117, 139, 140, 141, 172, 173, 175, 178, 179, 181, 182, 185, 186, 191, 192], "summary": {"covered_lines": 45, "num_statements": 79, "percent_covered": 56.962025316455694, "percent_covered_display": "57", "missing_lines": 34, "excluded_lines": 0, "percent_statements_covered": 56.962025316455694, "percent_statements_covered_display": "57"}, "missing_lines": [49, 50, 51, 68, 69, 75, 76, 77, 78, 84, 85, 86, 92, 98, 99, 101, 104, 106, 118, 120, 121, 127, 130, 132, 150, 151, 157, 158, 164, 165, 166, 167, 169, 193], "excluded_lines": [], "start_line": 1}}}, "app/auth/schemas.py": {"executed_lines": [1, 2, 3, 5, 8, 9, 10, 11, 13, 14, 15, 16, 17, 18, 19, 20, 22, 23, 24, 25, 26, 27, 30, 31, 32, 35, 36, 37, 38, 39, 40, 42, 43], "summary": {"covered_lines": 33, "num_statements": 33, "percent_covered": 100.0, "percent_covered_display": "100", "missing_lines": 0, "excluded_lines": 0, "percent_statements_covered": 100.0, "percent_statements_covered_display": "100"}, "missing_lines": [], "excluded_lines": [], "functions": {"UserRegister.validate_username": {"executed_lines": [16, 17, 18, 19, 20], "summary": {"covered_lines": 5, "num_statements": 5, "percent_covered": 100.0, "percent_covered_display": "100", "missing_lines": 0, "excluded_lines": 0, "percent_statements_covered": 100.0, "percent_statements_covered_display": "100"}, "missing_lines": [], "excluded_lines": [], "start_line": 15}, "UserRegister.validate_password": {"executed_lines": [25, 26, 27], "summary": {"covered_lines": 3, "num_statements": 3, "percent_covered": 100.0, "percent_covered_display": "100", "missing_lines": 0, "excluded_lines": 0, "percent_statements_covered": 100.0, "percent_statements_covered_display": "100"}, "missing_lines": [], "excluded_lines": [], "start_line": 24}, "": {"executed_lines": [1, 2, 3, 5, 8, 9, 10, 11, 13, 14, 15, 22, 23, 24, 30, 31, 32, 35, 36, 37, 38, 39, 40, 42, 43], "summary": {"covered_lines": 25, "num_statements": 25, "percent_covered": 100.0, "percent_covered_display": "100", "missing_lines": 0, "excluded_lines": 0, "percent_statements_covered": 100.0, "percent_statements_covered_display": "100"}, "missing_lines": [], "excluded_lines": [], "start_line": 1}}, "classes": {"UserRegister": {"executed_lines": [16, 17, 18, 19, 20, 25, 26, 27], "summary": {"covered_lines": 8, "num_statements": 8, "percent_covered": 100.0, "percent_covered_display": "100", "missing_lines": 0, "excluded_lines": 0, "percent_statements_covered": 100.0, "percent_statements_covered_display": "100"}, "missing_lines": [], "excluded_lines": [], "start_line": 8}, "UserLogin": {"executed_lines": [], "summary": {"covered_lines": 0, "num_statements": 0, "percent_covered": 100.0, "percent_covered_display": "100", "missing_lines": 0, "excluded_lines": 0, "percent_statements_covered": 100.0, "percent_statements_covered_display": "100"}, "missing_lines": [], "excluded_lines": [], "start_line": 30}, "UserResponse": {"executed_lines": [], "summary": {"covered_lines": 0, "num_statements": 0, "percent_covered": 100.0, "percent_covered_display": "100", "missing_lines": 0, "excluded_lines": 0, "percent_statements_covered": 100.0, "percent_statements_covered_display": "100"}, "missing_lines": [], "excluded_lines": [], "start_line": 35}, "UserResponse.Config": {"executed_lines": [], "summary": {"covered_lines": 0, "num_statements": 0, "percent_covered": 100.0, "percent_covered_display": "100", "missing_lines": 0, "excluded_lines": 0, "percent_statements_covered": 100.0, "percent_statements_covered_display": "100"}, "missing_lines": [], "excluded_lines": [], "start_line": 42}, "": {"executed_lines": [1, 2, 3, 5, 8, 9, 10, 11, 13, 14, 15, 22, 23, 24, 30, 31, 32, 35, 36, 37, 38, 39, 40, 42, 43], "summary": {"covered_lines": 25, "num_statements": 25, "percent_covered": 100.0, "percent_covered_display": "100", "missing_lines": 0, "excluded_lines": 0, "percent_statements_covered": 100.0, "percent_statements_covered_display": "100"}, "missing_lines": [], "excluded_lines": [], "start_line": 1}}}, "app/auth/security.py": {"executed_lines": [1, 2, 4, 5, 7, 9, 12, 14, 15, 16, 17, 20, 22, 23, 24, 27, 29, 30, 31, 32, 34, 35, 37, 38, 39, 42, 44, 45, 46, 47], "summary": {"covered_lines": 30, "num_statements": 30, "percent_covered": 100.0, "percent_covered_display": "100", "missing_lines": 0, "excluded_lines": 0, "percent_statements_covered": 100.0, "percent_statements_covered_display": "100"}, "missing_lines": [], "excluded_lines": [], "functions": {"hash_password": {"executed_lines": [14, 15, 16, 17], "summary": {"covered_lines": 4, "num_statements": 4, "percent_covered": 100.0, "percent_covered_display": "100", "missing_lines": 0, "excluded_lines": 0, "percent_statements_covered": 100.0, "percent_statements_covered_display": "100"}, "missing_lines": [], "excluded_lines": [], "start_line": 12}, "verify_password": {"executed_lines": [22, 23, 24], "summary": {"covered_lines": 3, "num_statements": 3, "percent_covered": 100.0, "percent_covered_display": "100", "missing_lines": 0, "excluded_lines": 0, "percent_statements_covered": 100.0, "percent_statements_covered_display": "100"}, "missing_lines": [], "excluded_lines": [], "start_line": 20}, "create_access_token": {"executed_lines": [29, 30, 31, 32, 34, 35, 37, 38, 39], "summary": {"covered_lines": 9, "num_statements": 9, "percent_covered": 100.0, "percent_covered_display": "100", "missing_lines": 0, "excluded_lines": 0, "percent_statements_covered": 100.0, "percent_statements_covered_display": "100"}, "missing_lines": [], "excluded_lines": [], "start_line": 27}, "decode_access_token": {"executed_lines": [44, 45, 46, 47], "summary": {"covered_lines": 4, "num_statements": 4, "percent_covered": 100.0, "percent_covered_display": "100", "missing_lines": 0, "excluded_lines": 0, "percent_statements_covered": 100.0, "percent_statements_covered_display": "100"}, "missing_lines": [], "excluded_lines": [], "start_line": 42}, "": {"executed_lines": [1, 2, 4, 5, 7, 9, 12, 20, 27, 42], "summary": {"covered_lines": 10, "num_statements": 10, "percent_covered": 100.0, "percent_covered_display": "100", "missing_lines": 0, "excluded_lines": 0, "percent_statements_covered": 100.0, "percent_statements_covered_display": "100"}, "missing_lines": [], "excluded_lines": [], "start_line": 1}}, "classes": {"": {"executed_lines": [1, 2, 4, 5, 7, 9, 12, 14, 15, 16, 17, 20, 22, 23, 24, 27, 29, 30, 31, 32, 34, 35, 37, 38, 39, 42, 44, 45, 46, 47], "summary": {"covered_lines": 30, "num_statements": 30, "percent_covered": 100.0, "percent_covered_display": "100", "missing_lines": 0, "excluded_lines": 0, "percent_statements_covered": 100.0, "percent_statements_covered_display": "100"}, "missing_lines": [], "excluded_lines": [], "start_line": 1}}}, "app/chat/__init__.py": {"executed_lines": [], "summary": {"covered_lines": 0, "num_statements": 0, "percent_covered": 100.0, "percent_covered_display": "100", "missing_lines": 0, "excluded_lines": 0, "percent_statements_covered": 100.0, "percent_statements_covered_display": "100"}, "missing_lines": [], "excluded_lines": [], "functions": {"": {"executed_lines": [], "summary": {"covered_lines": 0, "num_statements": 0, "percent_covered": 100.0, "percent_covered_display": "100", "missing_lines": 0, "excluded_lines": 0, "percent_statements_covered": 100.0, "percent_statements_covered_display": "100"}, "missing_lines": [], "excluded_lines": [], "start_line": 1}}, "classes": {"": {"executed_lines": [], "summary": {"covered_lines": 0, "num_statements": 0, "percent_covered": 100.0, "percent_covered_display": "100", "missing_lines": 0, "excluded_lines": 0, "percent_statements_covered": 100.0, "percent_statements_covered_display": "100"}, "missing_lines": [], "excluded_lines": [], "start_line": 1}}}, "app/chat/routes.py": {"executed_lines": [3, 4, 6, 7, 8, 10, 11, 12, 13, 14, 15, 16, 17, 18, 19, 20, 21, 22, 24, 26, 29, 30, 37, 53, 56, 57, 83, 86, 87, 88, 131, 132, 133, 187, 188], "summary": {"covered_lines": 35, "num_statements": 81, "percent_covered": 43.20987654320987, "percent_covered_display": "43", "missing_lines": 46, "excluded_lines": 0, "percent_statements_covered": 43.20987654320987, "percent_statements_covered_display": "43"}, "missing_lines": [45, 46, 54, 58, 59, 60, 61, 63, 64, 71, 72, 73, 74, 75, 96, 104, 113, 121, 125, 141, 143, 144, 151, 152, 153, 155, 164, 166, 167, 174, 175, 176, 178, 179, 181, 204, 207, 210, 212, 213, 214, 215, 220, 229, 236, 240], "excluded_lines": [], "functions": {"get_chat_history": {"executed_lines": [37, 53, 56, 57, 83], "summary": {"covered_lines": 5, "num_statements": 19, "percent_covered": 26.31578947368421, "percent_covered_display": "26", "missing_lines": 14, "excluded_lines": 0, "percent_statements_covered": 26.31578947368421, "percent_statements_covered_display": "26"}, "missing_lines": [45, 46, 54, 58, 59, 60, 61, 63, 64, 71, 72, 73, 74, 75], "excluded_lines": [], "start_line": 30}, "send_message": {"executed_lines": [], "summary": {"covered_lines": 0, "num_statements": 5, "percent_covered": 0.0, "percent_covered_display": "0", "missing_lines": 5, "excluded_lines": 0, "percent_statements_covered": 0.0, "percent_statements_covered_display": "0"}, "missing_lines": [96, 104, 113, 121, 125], "excluded_lines": [], "start_line": 88}, "stream_message": {"executed_lines": [], "summary": {"covered_lines": 0, "num_statements": 2, "percent_covered": 0.0, "percent_covered_display": "0", "missing_lines": 2, "excluded_lines": 0, "percent_statements_covered": 0.0, "percent_statements_covered_display": "0"}, "missing_lines": [141, 181], "excluded_lines": [], "start_line": 133}, "stream_message.event_generator": {"executed_lines": [], "summary": {"covered_lines": 0, "num_statements": 14, "percent_covered": 0.0, "percent_covered_display": "0", "missing_lines": 14, "excluded_lines": 0, "percent_statements_covered": 0.0, "percent_statements_covered_display": "0"}, "missing_lines": [143, 144, 151, 152, 153, 155, 164, 166, 167, 174, 175, 176, 178, 179], "excluded_lines": [], "start_line": 141}, "eval_chat": {"executed_lines": [], "summary": {"covered_lines": 0, "num_statements": 11, "percent_covered": 0.0, "percent_covered_display": "0", "missing_lines": 11, "excluded_lines": 0, "percent_statements_covered": 0.0, "percent_statements_covered_display": "0"}, "missing_lines": [204, 207, 210, 212, 213, 214, 215, 220, 229, 236, 240], "excluded_lines": [], "start_line": 188}, "": {"executed_lines": [3, 4, 6, 7, 8, 10, 11, 12, 13, 14, 15, 16, 17, 18, 19, 20, 21, 22, 24, 26, 29, 30, 86, 87, 88, 131, 132, 133, 187, 188], "summary": {"covered_lines": 30, "num_statements": 30, "percent_covered": 100.0, "percent_covered_display": "100", "missing_lines": 0, "excluded_lines": 0, "percent_statements_covered": 100.0, "percent_statements_covered_display": "100"}, "missing_lines": [], "excluded_lines": [], "start_line": 1}}, "classes": {"": {"executed_lines": [3, 4, 6, 7, 8, 10, 11, 12, 13, 14, 15, 16, 17, 18, 19, 20, 21, 22, 24, 26, 29, 30, 37, 53, 56, 57, 83, 86, 87, 88, 131, 132, 133, 187, 188], "summary": {"covered_lines": 35, "num_statements": 81, "percent_covered": 43.20987654320987, "percent_covered_display": "43", "missing_lines": 46, "excluded_lines": 0, "percent_statements_covered": 43.20987654320987, "percent_statements_covered_display": "43"}, "missing_lines": [45, 46, 54, 58, 59, 60, 61, 63, 64, 71, 72, 73, 74, 75, 96, 104, 113, 121, 125, 141, 143, 144, 151, 152, 153, 155, 164, 166, 167, 174, 175, 176, 178, 179, 181, 204, 207, 210, 212, 213, 214, 215, 220, 229, 236, 240], "excluded_lines": [], "start_line": 1}}}, "app/chat/schemas.py": {"executed_lines": [1, 4, 5, 6, 7, 8, 9, 11, 12, 13, 19, 20, 21, 24, 25, 26, 27, 30, 31], "summary": {"covered_lines": 19, "num_statements": 22, "percent_covered": 86.36363636363636, "percent_covered_display": "86", "missing_lines": 3, "excluded_lines": 0, "percent_statements_covered": 86.36363636363636, "percent_statements_covered_display": "86"}, "missing_lines": [14, 15, 16], "excluded_lines": [], "functions": {"ChatRequest.max_one_skill": {"executed_lines": [], "summary": {"covered_lines": 0, "num_statements": 3, "percent_covered": 0.0, "percent_covered_display": "0", "missing_lines": 3, "excluded_lines": 0, "percent_statements_covered": 0.0, "percent_statements_covered_display": "0"}, "missing_lines": [14, 15, 16], "excluded_lines": [], "start_line": 13}, "": {"executed_lines": [1, 4, 5, 6, 7, 8, 9, 11, 12, 13, 19, 20, 21, 24, 25, 26, 27, 30, 31], "summary": {"covered_lines": 19, "num_statements": 19, "percent_covered": 100.0, "percent_covered_display": "100", "missing_lines": 0, "excluded_lines": 0, "percent_statements_covered": 100.0, "percent_statements_covered_display": "100"}, "missing_lines": [], "excluded_lines": [], "start_line": 1}}, "classes": {"ChatRequest": {"executed_lines": [], "summary": {"covered_lines": 0, "num_statements": 3, "percent_covered": 0.0, "percent_covered_display": "0", "missing_lines": 3, "excluded_lines": 0, "percent_statements_covered": 0.0, "percent_statements_covered_display": "0"}, "missing_lines": [14, 15, 16], "excluded_lines": [], "start_line": 4}, "ChatResponse": {"executed_lines": [], "summary": {"covered_lines": 0, "num_statements": 0, "percent_covered": 100.0, "percent_covered_display": "100", "missing_lines": 0, "excluded_lines": 0, "percent_statements_covered": 100.0, "percent_statements_covered_display": "100"}, "missing_lines": [], "excluded_lines": [], "start_line": 19}, "ChatHistoryMessage": {"executed_lines": [], "summary": {"covered_lines": 0, "num_statements": 0, "percent_covered": 100.0, "percent_covered_display": "100", "missing_lines": 0, "excluded_lines": 0, "percent_statements_covered": 100.0, "percent_statements_covered_display": "100"}, "missing_lines": [], "excluded_lines": [], "start_line": 24}, "ChatHistoryResponse": {"executed_lines": [], "summary": {"covered_lines": 0, "num_statements": 0, "percent_covered": 100.0, "percent_covered_display": "100", "missing_lines": 0, "excluded_lines": 0, "percent_statements_covered": 100.0, "percent_statements_covered_display": "100"}, "missing_lines": [], "excluded_lines": [], "start_line": 30}, "": {"executed_lines": [1, 4, 5, 6, 7, 8, 9, 11, 12, 13, 19, 20, 21, 24, 25, 26, 27, 30, 31], "summary": {"covered_lines": 19, "num_statements": 19, "percent_covered": 100.0, "percent_covered_display": "100", "missing_lines": 0, "excluded_lines": 0, "percent_statements_covered": 100.0, "percent_statements_covered_display": "100"}, "missing_lines": [], "excluded_lines": [], "start_line": 1}}}, "app/config.py": {"executed_lines": [1, 2, 3, 4, 6, 8, 11, 13, 19, 34, 37, 39, 42, 43, 44, 47, 50, 53, 56, 57, 60, 63, 68, 73, 77, 80, 81, 82, 83, 84, 85, 86, 88, 89, 90, 91, 93, 95, 98, 99, 102, 103, 104, 107, 108, 111, 116, 121, 125, 128, 142, 143, 144, 145, 148, 171, 173, 176, 182, 188, 189, 190, 196, 198], "summary": {"covered_lines": 64, "num_statements": 95, "percent_covered": 67.36842105263158, "percent_covered_display": "67", "missing_lines": 31, "excluded_lines": 0, "percent_statements_covered": 67.36842105263158, "percent_statements_covered_display": "67"}, "missing_lines": [100, 105, 109, 112, 113, 117, 122, 126, 129, 130, 136, 150, 151, 152, 153, 154, 155, 156, 158, 159, 160, 162, 163, 167, 178, 179, 191, 192, 193, 194, 195], "excluded_lines": [], "functions": {"Settings.check_security": {"executed_lines": [95, 98, 99, 102, 103, 104, 107, 108, 111, 116, 121, 125, 128], "summary": {"covered_lines": 13, "num_statements": 24, "percent_covered": 54.166666666666664, "percent_covered_display": "54", "missing_lines": 11, "excluded_lines": 0, "percent_statements_covered": 54.166666666666664, "percent_statements_covered_display": "54"}, "missing_lines": [100, 105, 109, 112, 113, 117, 122, 126, 129, 130, 136], "excluded_lines": [], "start_line": 93}, "get_settings": {"executed_lines": [144, 145, 148, 171, 173], "summary": {"covered_lines": 5, "num_statements": 18, "percent_covered": 27.77777777777778, "percent_covered_display": "28", "missing_lines": 13, "excluded_lines": 0, "percent_statements_covered": 27.77777777777778, "percent_statements_covered_display": "28"}, "missing_lines": [150, 151, 152, 153, 154, 155, 156, 158, 159, 160, 162, 163, 167], "excluded_lines": [], "start_line": 143}, "get_cors_origins": {"executed_lines": [], "summary": {"covered_lines": 0, "num_statements": 2, "percent_covered": 0.0, "percent_covered_display": "0", "missing_lines": 2, "excluded_lines": 0, "percent_statements_covered": 0.0, "percent_statements_covered_display": "0"}, "missing_lines": [178, 179], "excluded_lines": [], "start_line": 176}, "_write_service_token": {"executed_lines": [188, 189, 190, 196, 198], "summary": {"covered_lines": 5, "num_statements": 10, "percent_covered": 50.0, "percent_covered_display": "50", "missing_lines": 5, "excluded_lines": 0, "percent_statements_covered": 50.0, "percent_statements_covered_display": "50"}, "missing_lines": [191, 192, 193, 194, 195], "excluded_lines": [], "start_line": 182}, "": {"executed_lines": [1, 2, 3, 4, 6, 8, 11, 13, 19, 34, 37, 39, 42, 43, 44, 47, 50, 53, 56, 57, 60, 63, 68, 73, 77, 80, 81, 82, 83, 84, 85, 86, 88, 89, 90, 91, 93, 142, 143, 176, 182], "summary": {"covered_lines": 41, "num_statements": 41, "percent_covered": 100.0, "percent_covered_display": "100", "missing_lines": 0, "excluded_lines": 0, "percent_statements_covered": 100.0, "percent_statements_covered_display": "100"}, "missing_lines": [], "excluded_lines": [], "start_line": 1}}, "classes": {"Settings": {"executed_lines": [95, 98, 99, 102, 103, 104, 107, 108, 111, 116, 121, 125, 128], "summary": {"covered_lines": 13, "num_statements": 24, "percent_covered": 54.166666666666664, "percent_covered_display": "54", "missing_lines": 11, "excluded_lines": 0, "percent_statements_covered": 54.166666666666664, "percent_statements_covered_display": "54"}, "missing_lines": [100, 105, 109, 112, 113, 117, 122, 126, 129, 130, 136], "excluded_lines": [], "start_line": 37}, "Settings.Config": {"executed_lines": [], "summary": {"covered_lines": 0, "num_statements": 0, "percent_covered": 100.0, "percent_covered_display": "100", "missing_lines": 0, "excluded_lines": 0, "percent_statements_covered": 100.0, "percent_statements_covered_display": "100"}, "missing_lines": [], "excluded_lines": [], "start_line": 88}, "": {"executed_lines": [1, 2, 3, 4, 6, 8, 11, 13, 19, 34, 37, 39, 42, 43, 44, 47, 50, 53, 56, 57, 60, 63, 68, 73, 77, 80, 81, 82, 83, 84, 85, 86, 88, 89, 90, 91, 93, 142, 143, 144, 145, 148, 171, 173, 176, 182, 188, 189, 190, 196, 198], "summary": {"covered_lines": 51, "num_statements": 71, "percent_covered": 71.83098591549296, "percent_covered_display": "72", "missing_lines": 20, "excluded_lines": 0, "percent_statements_covered": 71.83098591549296, "percent_statements_covered_display": "72"}, "missing_lines": [150, 151, 152, 153, 154, 155, 156, 158, 159, 160, 162, 163, 167, 178, 179, 191, 192, 193, 194, 195], "excluded_lines": [], "start_line": 1}}}, "app/constants.py": {"executed_lines": [7, 8, 9, 15, 19, 25, 26, 27, 28, 29, 34, 35, 40, 41, 42, 43, 48, 49, 54, 59, 60, 65], "summary": {"covered_lines": 22, "num_statements": 22, "percent_covered": 100.0, "percent_covered_display": "100", "missing_lines": 0, "excluded_lines": 0, "percent_statements_covered": 100.0, "percent_statements_covered_display": "100"}, "missing_lines": [], "excluded_lines": [], "functions": {"": {"executed_lines": [7, 8, 9, 15, 19, 25, 26, 27, 28, 29, 34, 35, 40, 41, 42, 43, 48, 49, 54, 59, 60, 65], "summary": {"covered_lines": 22, "num_statements": 22, "percent_covered": 100.0, "percent_covered_display": "100", "missing_lines": 0, "excluded_lines": 0, "percent_statements_covered": 100.0, "percent_statements_covered_display": "100"}, "missing_lines": [], "excluded_lines": [], "start_line": 1}}, "classes": {"": {"executed_lines": [7, 8, 9, 15, 19, 25, 26, 27, 28, 29, 34, 35, 40, 41, 42, 43, 48, 49, 54, 59, 60, 65], "summary": {"covered_lines": 22, "num_statements": 22, "percent_covered": 100.0, "percent_covered_display": "100", "missing_lines": 0, "excluded_lines": 0, "percent_statements_covered": 100.0, "percent_statements_covered_display": "100"}, "missing_lines": [], "excluded_lines": [], "start_line": 1}}}, "app/credentials/__init__.py": {"executed_lines": [], "summary": {"covered_lines": 0, "num_statements": 0, "percent_covered": 100.0, "percent_covered_display": "100", "missing_lines": 0, "excluded_lines": 0, "percent_statements_covered": 100.0, "percent_statements_covered_display": "100"}, "missing_lines": [], "excluded_lines": [], "functions": {"": {"executed_lines": [], "summary": {"covered_lines": 0, "num_statements": 0, "percent_covered": 100.0, "percent_covered_display": "100", "missing_lines": 0, "excluded_lines": 0, "percent_statements_covered": 100.0, "percent_statements_covered_display": "100"}, "missing_lines": [], "excluded_lines": [], "start_line": 1}}, "classes": {"": {"executed_lines": [], "summary": {"covered_lines": 0, "num_statements": 0, "percent_covered": 100.0, "percent_covered_display": "100", "missing_lines": 0, "excluded_lines": 0, "percent_statements_covered": 100.0, "percent_statements_covered_display": "100"}, "missing_lines": [], "excluded_lines": [], "start_line": 1}}}, "app/credentials/encryption.py": {"executed_lines": [1, 2, 4, 6, 8, 9, 10, 12, 15, 18, 21, 28, 31, 33, 34, 37, 39, 45, 48, 50, 51, 57, 60, 68, 71, 72, 74, 75, 78, 81, 82, 83, 86, 89, 90, 91, 94, 97, 98, 99, 100, 105, 106, 107, 110, 113, 114, 115, 116, 121, 122, 123, 126, 128, 129, 130, 131, 132, 135, 142, 143, 144, 145, 146, 147, 150, 151, 152, 153, 154, 157, 158, 159, 160, 161, 162, 165, 166, 167, 168, 169, 170, 173, 210], "summary": {"covered_lines": 84, "num_statements": 131, "percent_covered": 64.12213740458016, "percent_covered_display": "64", "missing_lines": 47, "excluded_lines": 0, "percent_statements_covered": 64.12213740458016, "percent_statements_covered_display": "64"}, "missing_lines": [73, 102, 104, 118, 120, 179, 181, 183, 184, 186, 187, 188, 190, 191, 193, 194, 195, 197, 198, 199, 201, 202, 203, 205, 206, 207, 217, 219, 221, 222, 224, 225, 226, 228, 229, 231, 232, 233, 235, 236, 237, 239, 240, 241, 243, 244, 245], "excluded_lines": [], "functions": {"_derive_pbkdf2_salt_v2": {"executed_lines": [28], "summary": {"covered_lines": 1, "num_statements": 1, "percent_covered": 100.0, "percent_covered_display": "100", "missing_lines": 0, "excluded_lines": 0, "percent_statements_covered": 100.0, "percent_statements_covered_display": "100"}, "missing_lines": [], "excluded_lines": [], "start_line": 21}, "_derive_key_v0": {"executed_lines": [33, 34], "summary": {"covered_lines": 2, "num_statements": 2, "percent_covered": 100.0, "percent_covered_display": "100", "missing_lines": 0, "excluded_lines": 0, "percent_statements_covered": 100.0, "percent_statements_covered_display": "100"}, "missing_lines": [], "excluded_lines": [], "start_line": 31}, "_derive_key_v1": {"executed_lines": [39, 45], "summary": {"covered_lines": 2, "num_statements": 2, "percent_covered": 100.0, "percent_covered_display": "100", "missing_lines": 0, "excluded_lines": 0, "percent_statements_covered": 100.0, "percent_statements_covered_display": "100"}, "missing_lines": [], "excluded_lines": [], "start_line": 37}, "_derive_key_v2": {"executed_lines": [50, 51, 57], "summary": {"covered_lines": 3, "num_statements": 3, "percent_covered": 100.0, "percent_covered_display": "100", "missing_lines": 0, "excluded_lines": 0, "percent_statements_covered": 100.0, "percent_statements_covered_display": "100"}, "missing_lines": [], "excluded_lines": [], "start_line": 48}, "_get_fernet_key": {"executed_lines": [68, 71, 72, 74, 75, 78], "summary": {"covered_lines": 6, "num_statements": 7, "percent_covered": 85.71428571428571, "percent_covered_display": "86", "missing_lines": 1, "excluded_lines": 0, "percent_statements_covered": 85.71428571428571, "percent_statements_covered_display": "86"}, "missing_lines": [73], "excluded_lines": [], "start_line": 60}, "get_fernet": {"executed_lines": [89, 90, 91], "summary": {"covered_lines": 3, "num_statements": 3, "percent_covered": 100.0, "percent_covered_display": "100", "missing_lines": 0, "excluded_lines": 0, "percent_statements_covered": 100.0, "percent_statements_covered_display": "100"}, "missing_lines": [], "excluded_lines": [], "start_line": 86}, "_get_fernet_v1": {"executed_lines": [97, 98, 99, 100, 105, 106, 107], "summary": {"covered_lines": 7, "num_statements": 9, "percent_covered": 77.77777777777777, "percent_covered_display": "78", "missing_lines": 2, "excluded_lines": 0, "percent_statements_covered": 77.77777777777777, "percent_statements_covered_display": "78"}, "missing_lines": [102, 104], "excluded_lines": [], "start_line": 94}, "_get_fernet_v0": {"executed_lines": [113, 114, 115, 116, 121, 122, 123], "summary": {"covered_lines": 7, "num_statements": 9, "percent_covered": 77.77777777777777, "percent_covered_display": "78", "missing_lines": 2, "excluded_lines": 0, "percent_statements_covered": 77.77777777777777, "percent_statements_covered_display": "78"}, "missing_lines": [118, 120], "excluded_lines": [], "start_line": 110}, "encrypt_value": {"executed_lines": [128, 129, 130, 131, 132], "summary": {"covered_lines": 5, "num_statements": 5, "percent_covered": 100.0, "percent_covered_display": "100", "missing_lines": 0, "excluded_lines": 0, "percent_statements_covered": 100.0, "percent_statements_covered_display": "100"}, "missing_lines": [], "excluded_lines": [], "start_line": 126}, "decrypt_value": {"executed_lines": [142, 143, 144, 145, 146, 147, 150, 151, 152, 153, 154, 157, 158, 159, 160, 161, 162, 165, 166, 167, 168, 169, 170], "summary": {"covered_lines": 23, "num_statements": 23, "percent_covered": 100.0, "percent_covered_display": "100", "missing_lines": 0, "excluded_lines": 0, "percent_statements_covered": 100.0, "percent_statements_covered_display": "100"}, "missing_lines": [], "excluded_lines": [], "start_line": 135}, "migrate_credentials_to_v1": {"executed_lines": [], "summary": {"covered_lines": 0, "num_statements": 21, "percent_covered": 0.0, "percent_covered_display": "0", "missing_lines": 21, "excluded_lines": 0, "percent_statements_covered": 0.0, "percent_statements_covered_display": "0"}, "missing_lines": [179, 181, 183, 184, 186, 187, 188, 190, 191, 193, 194, 195, 197, 198, 199, 201, 202, 203, 205, 206, 207], "excluded_lines": [], "start_line": 173}, "migrate_credentials_to_v2": {"executed_lines": [], "summary": {"covered_lines": 0, "num_statements": 21, "percent_covered": 0.0, "percent_covered_display": "0", "missing_lines": 21, "excluded_lines": 0, "percent_statements_covered": 0.0, "percent_statements_covered_display": "0"}, "missing_lines": [217, 219, 221, 222, 224, 225, 226, 228, 229, 231, 232, 233, 235, 236, 237, 239, 240, 241, 243, 244, 245], "excluded_lines": [], "start_line": 210}, "": {"executed_lines": [1, 2, 4, 6, 8, 9, 10, 12, 15, 18, 21, 31, 37, 48, 60, 81, 82, 83, 86, 94, 110, 126, 135, 173, 210], "summary": {"covered_lines": 25, "num_statements": 25, "percent_covered": 100.0, "percent_covered_display": "100", "missing_lines": 0, "excluded_lines": 0, "percent_statements_covered": 100.0, "percent_statements_covered_display": "100"}, "missing_lines": [], "excluded_lines": [], "start_line": 1}}, "classes": {"": {"executed_lines": [1, 2, 4, 6, 8, 9, 10, 12, 15, 18, 21, 28, 31, 33, 34, 37, 39, 45, 48, 50, 51, 57, 60, 68, 71, 72, 74, 75, 78, 81, 82, 83, 86, 89, 90, 91, 94, 97, 98, 99, 100, 105, 106, 107, 110, 113, 114, 115, 116, 121, 122, 123, 126, 128, 129, 130, 131, 132, 135, 142, 143, 144, 145, 146, 147, 150, 151, 152, 153, 154, 157, 158, 159, 160, 161, 162, 165, 166, 167, 168, 169, 170, 173, 210], "summary": {"covered_lines": 84, "num_statements": 131, "percent_covered": 64.12213740458016, "percent_covered_display": "64", "missing_lines": 47, "excluded_lines": 0, "percent_statements_covered": 64.12213740458016, "percent_statements_covered_display": "64"}, "missing_lines": [73, 102, 104, 118, 120, 179, 181, 183, 184, 186, 187, 188, 190, 191, 193, 194, 195, 197, 198, 199, 201, 202, 203, 205, 206, 207, 217, 219, 221, 222, 224, 225, 226, 228, 229, 231, 232, 233, 235, 236, 237, 239, 240, 241, 243, 244, 245], "excluded_lines": [], "start_line": 1}}}, "app/credentials/models.py": {"executed_lines": [1, 2, 4, 7, 8, 9, 11, 12, 13, 14, 15, 16], "summary": {"covered_lines": 12, "num_statements": 12, "percent
[...]
7, 8, 10, 11, 12, 13, 14, 15, 16, 17, 18, 19, 20, 21, 22, 23, 24, 25, 26, 27, 35, 37, 38, 41, 48, 49, 55, 62, 77, 78, 83, 84, 87, 88, 95, 148, 149, 155, 166, 169, 170, 177, 262, 263, 269, 278, 279, 280, 288, 329, 330, 331, 340, 341, 342, 348, 350, 352, 353, 355, 356, 364, 365, 366, 368, 369, 370, 371, 372, 378, 379, 380, 386, 389, 391, 394, 395, 403, 413, 416, 417, 423], "summary": {"covered_lines": 87, "num_statements": 190, "percent_covered": 45.78947368421053, "percent_covered_display": "46", "missing_lines": 103, "excluded_lines": 0, "percent_statements_covered": 45.78947368421053, "percent_statements_covered_display": "46"}, "missing_lines": [56, 57, 63, 69, 70, 71, 104, 107, 109, 121, 122, 125, 126, 127, 129, 130, 131, 132, 133, 135, 136, 142, 143, 145, 158, 164, 180, 186, 188, 189, 192, 195, 198, 205, 206, 208, 211, 212, 213, 214, 215, 216, 218, 219, 225, 226, 228, 230, 231, 232, 233, 234, 235, 236, 238, 239, 240, 241, 242, 243, 244, 245, 246, 247, 249, 256, 258, 259, 272, 273, 275, 291, 293, 294, 302, 305, 306, 307, 308, 309, 311, 312, 318, 319, 321, 324, 326, 343, 344, 345, 367, 375, 376, 382, 383, 384, 405, 411, 424, 426, 427, 430, 432], "excluded_lines": [], "functions": {"_validate_tool_skill_ids": {"executed_lines": [48, 49, 55, 62], "summary": {"covered_lines": 4, "num_statements": 10, "percent_covered": 40.0, "percent_covered_display": "40", "missing_lines": 6, "excluded_lines": 0, "percent_statements_covered": 40.0, "percent_statements_covered_display": "40"}, "missing_lines": [56, 57, 63, 69, 70, 71], "excluded_lines": [], "start_line": 41}, "list_workflows": {"executed_lines": [83, 84], "summary": {"covered_lines": 2, "num_statements": 2, "percent_covered": 100.0, "percent_covered_display": "100", "missing_lines": 0, "excluded_lines": 0, "percent_statements_covered": 100.0, "percent_statements_covered_display": "100"}, "missing_lines": [], "excluded_lines": [], "start_line": 78}, "create_workflow": {"executed_lines": [95], "summary": {"covered_lines": 1, "num_statements": 19, "percent_covered": 5.2631578947368425, "percent_covered_display": "5", "missing_lines": 18, "excluded_lines": 0, "percent_statements_covered": 5.2631578947368425, "percent_statements_covered_display": "5"}, "missing_lines": [104, 107, 109, 121, 122, 125, 126, 127, 129, 130, 131, 132, 133, 135, 136, 142, 143, 145], "excluded_lines": [], "start_line": 88}, "get_workflow": {"executed_lines": [155, 166], "summary": {"covered_lines": 2, "num_statements": 4, "percent_covered": 50.0, "percent_covered_display": "50", "missing_lines": 2, "excluded_lines": 0, "percent_statements_covered": 50.0, "percent_statements_covered_display": "50"}, "missing_lines": [158, 164], "excluded_lines": [], "start_line": 149}, "update_workflow": {"executed_lines": [177], "summary": {"covered_lines": 1, "num_statements": 43, "percent_covered": 2.3255813953488373, "percent_covered_display": "2", "missing_lines": 42, "excluded_lines": 0, "percent_statements_covered": 2.3255813953488373, "percent_statements_covered_display": "2"}, "missing_lines": [180, 186, 188, 189, 192, 195, 198, 205, 206, 208, 211, 212, 213, 214, 215, 216, 218, 219, 225, 226, 228, 230, 231, 232, 233, 234, 235, 236, 238, 239, 240, 241, 242, 243, 244, 245, 246, 247, 249, 256, 258, 259], "excluded_lines": [], "start_line": 170}, "delete_workflow": {"executed_lines": [269], "summary": {"covered_lines": 1, "num_statements": 4, "percent_covered": 25.0, "percent_covered_display": "25", "missing_lines": 3, "excluded_lines": 0, "percent_statements_covered": 25.0, "percent_statements_covered_display": "25"}, "missing_lines": [272, 273, 275], "excluded_lines": [], "start_line": 263}, "execute_workflow": {"executed_lines": [288], "summary": {"covered_lines": 1, "num_statements": 17, "percent_covered": 5.882352941176471, "percent_covered_display": "6", "missing_lines": 16, "excluded_lines": 0, "percent_statements_covered": 5.882352941176471, "percent_statements_covered_display": "6"}, "missing_lines": [291, 293, 294, 302, 305, 306, 307, 308, 309, 311, 312, 318, 319, 321, 324, 326], "excluded_lines": [], "start_line": 280}, "stream_workflow": {"executed_lines": [340, 391], "summary": {"covered_lines": 2, "num_statements": 2, "percent_covered": 100.0, "percent_covered_display": "100", "missing_lines": 0, "excluded_lines": 0, "percent_statements_covered": 100.0, "percent_statements_covered_display": "100"}, "missing_lines": [], "excluded_lines": [], "start_line": 331}, "stream_workflow.event_generator": {"executed_lines": [341, 342, 348, 350, 352, 353, 355, 356, 364, 365, 366, 368, 369, 370, 371, 372, 378, 379, 380, 386, 389], "summary": {"covered_lines": 21, "num_statements": 30, "percent_covered": 70.0, "percent_covered_display": "70", "missing_lines": 9, "excluded_lines": 0, "percent_statements_covered": 70.0, "percent_statements_covered_display": "70"}, "missing_lines": [343, 344, 345, 367, 375, 376, 382, 383, 384], "excluded_lines": [], "start_line": 340}, "list_workflow_runs": {"executed_lines": [403, 413], "summary": {"covered_lines": 2, "num_statements": 4, "percent_covered": 50.0, "percent_covered_display": "50", "missing_lines": 2, "excluded_lines": 0, "percent_statements_covered": 50.0, "percent_statements_covered_display": "50"}, "missing_lines": [405, 411], "excluded_lines": [], "start_line": 395}, "get_run": {"executed_lines": [423], "summary": {"covered_lines": 1, "num_statements": 6, "percent_covered": 16.666666666666668, "percent_covered_display": "17", "missing_lines": 5, "excluded_lines": 0, "percent_statements_covered": 16.666666666666668, "percent_statements_covered_display": "17"}, "missing_lines": [424, 426, 427, 430, 432], "excluded_lines": [], "start_line": 417}, "": {"executed_lines": [1, 2, 3, 5, 6, 7, 8, 10, 11, 12, 13, 14, 15, 16, 17, 18, 19, 20, 21, 22, 23, 24, 25, 26, 27, 35, 37, 38, 41, 77, 78, 87, 88, 148, 149, 169, 170, 262, 263, 278, 279, 280, 329, 330, 331, 394, 395, 416, 417], "summary": {"covered_lines": 49, "num_statements": 49, "percent_covered": 100.0, "percent_covered_display": "100", "missing_lines": 0, "excluded_lines": 0, "percent_statements_covered": 100.0, "percent_statements_covered_display": "100"}, "missing_lines": [], "excluded_lines": [], "start_line": 1}}, "classes": {"": {"executed_lines": [1, 2, 3, 5, 6, 7, 8, 10, 11, 12, 13, 14, 15, 16, 17, 18, 19, 20, 21, 22, 23, 24, 25, 26, 27, 35, 37, 38, 41, 48, 49, 55, 62, 77, 78, 83, 84, 87, 88, 95, 148, 149, 155, 166, 169, 170, 177, 262, 263, 269, 278, 279, 280, 288, 329, 330, 331, 340, 341, 342, 348, 350, 352, 353, 355, 356, 364, 365, 366, 368, 369, 370, 371, 372, 378, 379, 380, 386, 389, 391, 394, 395, 403, 413, 416, 417, 423], "summary": {"covered_lines": 87, "num_statements": 190, "percent_covered": 45.78947368421053, "percent_covered_display": "46", "missing_lines": 103, "excluded_lines": 0, "percent_statements_covered": 45.78947368421053, "percent_statements_covered_display": "46"}, "missing_lines": [56, 57, 63, 69, 70, 71, 104, 107, 109, 121, 122, 125, 126, 127, 129, 130, 131, 132, 133, 135, 136, 142, 143, 145, 158, 164, 180, 186, 188, 189, 192, 195, 198, 205, 206, 208, 211, 212, 213, 214, 215, 216, 218, 219, 225, 226, 228, 230, 231, 232, 233, 234, 235, 236, 238, 239, 240, 241, 242, 243, 244, 245, 246, 247, 249, 256, 258, 259, 272, 273, 275, 291, 293, 294, 302, 305, 306, 307, 308, 309, 311, 312, 318, 319, 321, 324, 326, 343, 344, 345, 367, 375, 376, 382, 383, 384, 405, 411, 424, 426, 427, 430, 432], "excluded_lines": [], "start_line": 1}}}, "app/workflows/scheduler_tasks.py": {"executed_lines": [7, 8, 10, 11, 12, 13, 15, 16, 17, 18, 19, 20, 21, 22, 23, 25, 28, 39, 42, 44, 46, 47, 49, 50, 51, 53, 54, 56, 57, 58, 62, 68, 69, 72, 75, 77, 78, 79, 80, 82, 83, 91, 94, 95, 96, 97, 98, 100, 101, 103, 104, 107, 108, 110, 111, 112, 113, 116, 117, 119, 120, 122, 123, 124, 125, 129, 131], "summary": {"covered_lines": 67, "num_statements": 69, "percent_covered": 97.10144927536231, "percent_covered_display": "97", "missing_lines": 2, "excluded_lines": 0, "percent_statements_covered": 97.10144927536231, "percent_statements_covered_display": "97"}, "missing_lines": [126, 127], "excluded_lines": [], "functions": {"execute_scheduled_workflow": {"executed_lines": [39, 42, 44, 46, 47, 49, 50, 51, 53, 54, 56, 57, 58, 62, 68, 69, 72, 75, 77, 78, 79, 80, 82, 83, 91, 94, 95, 96, 97, 98, 100, 101, 103, 104, 107, 108, 110, 111, 112, 113, 116, 117, 119, 120, 122, 123, 124, 125, 129, 131], "summary": {"covered_lines": 50, "num_statements": 52, "percent_covered": 96.15384615384616, "percent_covered_display": "96", "missing_lines": 2, "excluded_lines": 0, "percent_statements_covered": 96.15384615384616, "percent_statements_covered_display": "96"}, "missing_lines": [126, 127], "excluded_lines": [], "start_line": 28}, "": {"executed_lines": [7, 8, 10, 11, 12, 13, 15, 16, 17, 18, 19, 20, 21, 22, 23, 25, 28], "summary": {"covered_lines": 17, "num_statements": 17, "percent_covered": 100.0, "percent_covered_display": "100", "missing_lines": 0, "excluded_lines": 0, "percent_statements_covered": 100.0, "percent_statements_covered_display": "100"}, "missing_lines": [], "excluded_lines": [], "start_line": 1}}, "classes": {"": {"executed_lines": [7, 8, 10, 11, 12, 13, 15, 16, 17, 18, 19, 20, 21, 22, 23, 25, 28, 39, 42, 44, 46, 47, 49, 50, 51, 53, 54, 56, 57, 58, 62, 68, 69, 72, 75, 77, 78, 79, 80, 82, 83, 91, 94, 95, 96, 97, 98, 100, 101, 103, 104, 107, 108, 110, 111, 112, 113, 116, 117, 119, 120, 122, 123, 124, 125, 129, 131], "summary": {"covered_lines": 67, "num_statements": 69, "percent_covered": 97.10144927536231, "percent_covered_display": "97", "missing_lines": 2, "excluded_lines": 0, "percent_statements_covered": 97.10144927536231, "percent_statements_covered_display": "97"}, "missing_lines": [126, 127], "excluded_lines": [], "start_line": 1}}}, "app/workflows/schemas.py": {"executed_lines": [1, 2, 4, 6, 9, 10, 11, 12, 13, 15, 17, 19, 20, 21, 26, 27, 28, 29, 31, 32, 34, 37, 38, 39, 40, 41, 42, 43, 44, 45, 46, 48, 49, 50, 51, 53, 55, 58, 59, 60, 61, 62, 63, 64, 65, 66, 67, 70, 71, 72, 73, 74, 75, 76, 77, 78, 79, 80, 81, 82, 83, 85, 86, 88, 89, 90, 107, 108, 109, 110, 111, 112, 113, 114, 115, 116, 117, 118, 119, 121, 122, 124, 125, 126, 142, 143, 146, 147, 148, 149, 150, 151, 152, 153, 154, 155, 156, 157, 158, 159, 160, 162, 163, 165, 166, 167], "summary": {"covered_lines": 106, "num_statements": 115, "percent_covered": 92.17391304347827, "percent_covered_display": "92", "missing_lines": 9, "excluded_lines": 0, "percent_statements_covered": 92.17391304347827, "percent_statements_covered_display": "92"}, "missing_lines": [14, 16, 22, 23, 24, 30, 33, 52, 54], "excluded_lines": [], "functions": {"WorkflowValidatorMixin.validate_name": {"executed_lines": [13, 15, 17], "summary": {"covered_lines": 3, "num_statements": 5, "percent_covered": 60.0, "percent_covered_display": "60", "missing_lines": 2, "excluded_lines": 0, "percent_statements_covered": 60.0, "percent_statements_covered_display": "60"}, "missing_lines": [14, 16], "excluded_lines": [], "start_line": 12}, "WorkflowValidatorMixin.validate_description": {"executed_lines": [], "summary": {"covered_lines": 0, "num_statements": 3, "percent_covered": 0.0, "percent_covered_display": "0", "missing_lines": 3, "excluded_lines": 0, "percent_statements_covered": 0.0, "percent_statements_covered_display": "0"}, "missing_lines": [22, 23, 24], "excluded_lines": [], "start_line": 21}, "WorkflowValidatorMixin.validate_template": {"executed_lines": [29, 31, 32, 34], "summary": {"covered_lines": 4, "num_statements": 6, "percent_covered": 66.66666666666667, "percent_covered_display": "67", "missing_lines": 2, "excluded_lines": 0, "percent_statements_covered": 66.66666666666667, "percent_statements_covered_display": "67"}, "missing_lines": [30, 33], "excluded_lines": [], "start_line": 28}, "WorkflowCreate.validate_cron": {"executed_lines": [51, 53, 55], "summary": {"covered_lines": 3, "num_statements": 5, "percent_covered": 60.0, "percent_covered_display": "60", "missing_lines": 2, "excluded_lines": 0, "percent_statements_covered": 60.0, "percent_statements_covered_display": "60"}, "missing_lines": [52, 54], "excluded_lines": [], "start_line": 50}, "WorkflowResponse.from_orm_with_json": {"executed_lines": [90], "summary": {"covered_lines": 1, "num_statements": 1, "percent_covered": 100.0, "percent_covered_display": "100", "missing_lines": 0, "excluded_lines": 0, "percent_statements_covered": 100.0, "percent_statements_covered_display": "100"}, "missing_lines": [], "excluded_lines": [], "start_line": 89}, "WorkflowRunWithOutput.from_orm_with_json": {"executed_lines": [126], "summary": {"covered_lines": 1, "num_statements": 1, "percent_covered": 100.0, "percent_covered_display": "100", "missing_lines": 0, "excluded_lines": 0, "percent_statements_covered": 100.0, "percent_statements_covered_display": "100"}, "missing_lines": [], "excluded_lines": [], "start_line": 125}, "WorkflowDetailResponse.from_orm_full": {"executed_lines": [167], "summary": {"covered_lines": 1, "num_statements": 1, "percent_covered": 100.0, "percent_covered_display": "100", "missing_lines": 0, "excluded_lines": 0, "percent_statements_covered": 100.0, "percent_statements_covered_display": "100"}, "missing_lines": [], "excluded_lines": [], "start_line": 166}, "": {"executed_lines": [1, 2, 4, 6, 9, 10, 11, 12, 19, 20, 21, 26, 27, 28, 37, 38, 39, 40, 41, 42, 43, 44, 45, 46, 48, 49, 50, 58, 59, 60, 61, 62, 63, 64, 65, 66, 67, 70, 71, 72, 73, 74, 75, 76, 77, 78, 79, 80, 81, 82, 83, 85, 86, 88, 89, 107, 108, 109, 110, 111, 112, 113, 114, 115, 116, 117, 118, 119, 121, 122, 124, 125, 142, 143, 146, 147, 148, 149, 150, 151, 152, 153, 154, 155, 156, 157, 158, 159, 160, 162, 163, 165, 166], "summary": {"covered_lines": 93, "num_statements": 93, "percent_covered": 100.0, "percent_covered_display": "100", "missing_lines": 0, "excluded_lines": 0, "percent_statements_covered": 100.0, "percent_statements_covered_display": "100"}, "missing_lines": [], "excluded_lines": [], "start_line": 1}}, "classes": {"WorkflowValidatorMixin": {"executed_lines": [13, 15, 17, 29, 31, 32, 34], "summary": {"covered_lines": 7, "num_statements": 14, "percent_covered": 50.0, "percent_covered_display": "50", "missing_lines": 7, "excluded_lines": 0, "percent_statements_covered": 50.0, "percent_statements_covered_display": "50"}, "missing_lines": [14, 16, 22, 23, 24, 30, 33], "excluded_lines": [], "start_line": 9}, "WorkflowCreate": {"executed_lines": [51, 53, 55], "summary": {"covered_lines": 3, "num_statements": 5, "percent_covered": 60.0, "percent_covered_display": "60", "missing_lines": 2, "excluded_lines": 0, "percent_statements_covered": 60.0, "percent_statements_covered_display": "60"}, "missing_lines": [52, 54], "excluded_lines": [], "start_line": 37}, "WorkflowUpdate": {"executed_lines": [], "summary": {"covered_lines": 0, "num_statements": 0, "percent_covered": 100.0, "percent_covered_display": "100", "missing_lines": 0, "excluded_lines": 0, "percent_statements_covered": 100.0, "percent_statements_covered_display": "100"}, "missing_lines": [], "excluded_lines": [], "start_line": 58}, "WorkflowResponse": {"executed_lines": [90], "summary": {"covered_lines": 1, "num_statements": 1, "percent_covered": 100.0, "percent_covered_display": "100", "missing_lines": 0, "excluded_lines": 0, "percent_statements_covered": 100.0, "percent_statements_covered_display": "100"}, "missing_lines": [], "excluded_lines": [], "start_line": 70}, "WorkflowResponse.Config": {"executed_lines": [], "summary": {"covered_lines": 0, "num_statements": 0, "percent_covered": 100.0, "percent_covered_display": "100", "missing_lines": 0, "excluded_lines": 0, "percent_statements_covered": 100.0, "percent_statements_covered_display": "100"}, "missing_lines": [], "excluded_lines": [], "start_line": 85}, "WorkflowRunWithOutput": {"executed_lines": [126], "summary": {"covered_lines": 1, "num_statements": 1, "percent_covered": 100.0, "percent_covered_display": "100", "missing_lines": 0, "excluded_lines": 0, "percent_statements_covered": 100.0, "percent_statements_covered_display": "100"}, "missing_lines": [], "excluded_lines": [], "start_line": 107}, "WorkflowRunWithOutput.Config": {"executed_lines": [], "summary": {"covered_lines": 0, "num_statements": 0, "percent_covered": 100.0, "percent_covered_display": "100", "missing_lines": 0, "excluded_lines": 0, "percent_statements_covered": 100.0, "percent_statements_covered_display": "100"}, "missing_lines": [], "excluded_lines": [], "start_line": 121}, "WorkflowRunVariables": {"executed_lines": [], "summary": {"covered_lines": 0, "num_statements": 0, "percent_covered": 100.0, "percent_covered_display": "100", "missing_lines": 0, "excluded_lines": 0, "percent_statements_covered": 100.0, "percent_statements_covered_display": "100"}, "missing_lines": [], "excluded_lines": [], "start_line": 142}, "WorkflowDetailResponse": {"executed_lines": [167], "summary": {"covered_lines": 1, "num_statements": 1, "percent_covered": 100.0, "percent_covered_display": "100", "missing_lines": 0, "excluded_lines": 0, "percent_statements_covered": 100.0, "percent_statements_covered_display": "100"}, "missing_lines": [], "excluded_lines": [], "start_line": 146}, "WorkflowDetailResponse.Config": {"executed_lines": [], "summary": {"covered_lines": 0, "num_statements": 0, "percent_covered": 100.0, "percent_covered_display": "100", "missing_lines": 0, "excluded_lines": 0, "percent_statements_covered": 100.0, "percent_statements_covered_display": "100"}, "missing_lines": [], "excluded_lines": [], "start_line": 162}, "": {"executed_lines": [1, 2, 4, 6, 9, 10, 11, 12, 19, 20, 21, 26, 27, 28, 37, 38, 39, 40, 41, 42, 43, 44, 45, 46, 48, 49, 50, 58, 59, 60, 61, 62, 63, 64, 65, 66, 67, 70, 71, 72, 73, 74, 75, 76, 77, 78, 79, 80, 81, 82, 83, 85, 86, 88, 89, 107, 108, 109, 110, 111, 112, 113, 114, 115, 116, 117, 118, 119, 121, 122, 124, 125, 142, 143, 146, 147, 148, 149, 150, 151, 152, 153, 154, 155, 156, 157, 158, 159, 160, 162, 163, 165, 166], "summary": {"covered_lines": 93, "num_statements": 93, "percent_covered": 100.0, "percent_covered_display": "100", "missing_lines": 0, "excluded_lines": 0, "percent_statements_covered": 100.0, "percent_statements_covered_display": "100"}, "missing_lines": [], "excluded_lines": [], "start_line": 1}}}, "app/workflows/template.py": {"executed_lines": [3, 6, 12, 13, 14, 15, 16], "summary": {"covered_lines": 7, "num_statements": 7, "percent_covered": 100.0, "percent_covered_display": "100", "missing_lines": 0, "excluded_lines": 0, "percent_statements_covered": 100.0, "percent_statements_covered_display": "100"}, "missing_lines": [], "excluded_lines": [], "functions": {"render_template": {"executed_lines": [12, 13, 14, 15, 16], "summary": {"covered_lines": 5, "num_statements": 5, "percent_covered": 100.0, "percent_covered_display": "100", "missing_lines": 0, "excluded_lines": 0, "percent_statements_covered": 100.0, "percent_statements_covered_display": "100"}, "missing_lines": [], "excluded_lines": [], "start_line": 6}, "": {"executed_lines": [3, 6], "summary": {"covered_lines": 2, "num_statements": 2, "percent_covered": 100.0, "percent_covered_display": "100", "missing_lines": 0, "excluded_lines": 0, "percent_statements_covered": 100.0, "percent_statements_covered_display": "100"}, "missing_lines": [], "excluded_lines": [], "start_line": 1}}, "classes": {"": {"executed_lines": [3, 6, 12, 13, 14, 15, 16], "summary": {"covered_lines": 7, "num_statements": 7, "percent_covered": 100.0, "percent_covered_display": "100", "missing_lines": 0, "excluded_lines": 0, "percent_statements_covered": 100.0, "percent_statements_covered_display": "100"}, "missing_lines": [], "excluded_lines": [], "start_line": 1}}}}, "totals": {"covered_lines": 3114, "num_statements": 4447, "percent_covered": 70.02473577692827, "percent_covered_display": "70", "missing_lines": 1333, "excluded_lines": 0, "percent_statements_covered": 70.02473577692827, "percent_statements_covered_display": "70"}}